2026-05-21 02:34:21,954 - INFO - ----- Model Tuning -----
2026-05-21 02:34:21,954 - INFO - A new study created in memory with name: no-name-141721f6-5dd7-463e-8598-7fc518ffde92
2026-05-21 02:34:22,723 - WARNING - Trial 1 failed with parameters: {} because of the following error: NameError("name 'TruncatedSVD' is not defined").
Traceback (most recent call last):
  File "/home/junior/Documentos/GitHub/prediction-f1-pit-stops-kaggle-competition/.venv/lib/python3.13/site-packages/optuna/study/_optimize.py", line 206, in _run_trial
    value_or_values = func(trial)
  File "/home/junior/Documentos/GitHub/prediction-f1-pit-stops-kaggle-competition/src/truncatedsvd_linear_svc_tuning.py", line 132, in <lambda>
    study.optimize(lambda trial: objective(trial, X_train, y_train), n_trials=500, n_jobs=-1, show_progress_bar=True)
                                 ~~~~~~~~~^^^^^^^^^^^^^^^^^^^^^^^^^
  File "/home/junior/Documentos/GitHub/prediction-f1-pit-stops-kaggle-competition/src/truncatedsvd_linear_svc_tuning.py", line 100, in objective
    TruncatedSVD(
    ^^^^^^^^^^^^
NameError: name 'TruncatedSVD' is not defined
2026-05-21 02:34:22,746 - WARNING - Trial 1 failed with value None.
2026-05-21 02:34:22,825 - WARNING - Trial 5 failed with parameters: {} because of the following error: NameError("name 'TruncatedSVD' is not defined").
Traceback (most recent call last):
  File "/home/junior/Documentos/GitHub/prediction-f1-pit-stops-kaggle-competition/.venv/lib/python3.13/site-packages/optuna/study/_optimize.py", line 206, in _run_trial
    value_or_values = func(trial)
  File "/home/junior/Documentos/GitHub/prediction-f1-pit-stops-kaggle-competition/src/truncatedsvd_linear_svc_tuning.py", line 132, in <lambda>
    study.optimize(lambda trial: objective(trial, X_train, y_train), n_trials=500, n_jobs=-1, show_progress_bar=True)
                                 ~~~~~~~~~^^^^^^^^^^^^^^^^^^^^^^^^^
  File "/home/junior/Documentos/GitHub/prediction-f1-pit-stops-kaggle-competition/src/truncatedsvd_linear_svc_tuning.py", line 100, in objective
    TruncatedSVD(
    ^^^^^^^^^^^^
NameError: name 'TruncatedSVD' is not defined
2026-05-21 02:34:22,829 - WARNING - Trial 3 failed with parameters: {} because of the following error: NameError("name 'TruncatedSVD' is not defined").
Traceback (most recent call last):
  File "/home/junior/Documentos/GitHub/prediction-f1-pit-stops-kaggle-competition/.venv/lib/python3.13/site-packages/optuna/study/_optimize.py", line 206, in _run_trial
    value_or_values = func(trial)
  File "/home/junior/Documentos/GitHub/prediction-f1-pit-stops-kaggle-competition/src/truncatedsvd_linear_svc_tuning.py", line 132, in <lambda>
    study.optimize(lambda trial: objective(trial, X_train, y_train), n_trials=500, n_jobs=-1, show_progress_bar=True)
                                 ~~~~~~~~~^^^^^^^^^^^^^^^^^^^^^^^^^
  File "/home/junior/Documentos/GitHub/prediction-f1-pit-stops-kaggle-competition/src/truncatedsvd_linear_svc_tuning.py", line 100, in objective
    TruncatedSVD(
    ^^^^^^^^^^^^
NameError: name 'TruncatedSVD' is not defined
2026-05-21 02:34:22,833 - WARNING - Trial 5 failed with value None.
2026-05-21 02:34:22,838 - WARNING - Trial 3 failed with value None.
2026-05-21 02:34:22,842 - WARNING - Trial 10 failed with parameters: {} because of the following error: NameError("name 'TruncatedSVD' is not defined").
Traceback (most recent call last):
  File "/home/junior/Documentos/GitHub/prediction-f1-pit-stops-kaggle-competition/.venv/lib/python3.13/site-packages/optuna/study/_optimize.py", line 206, in _run_trial
    value_or_values = func(trial)
  File "/home/junior/Documentos/GitHub/prediction-f1-pit-stops-kaggle-competition/src/truncatedsvd_linear_svc_tuning.py", line 132, in <lambda>
    study.optimize(lambda trial: objective(trial, X_train, y_train), n_trials=500, n_jobs=-1, show_progress_bar=True)
                                 ~~~~~~~~~^^^^^^^^^^^^^^^^^^^^^^^^^
  File "/home/junior/Documentos/GitHub/prediction-f1-pit-stops-kaggle-competition/src/truncatedsvd_linear_svc_tuning.py", line 100, in objective
    TruncatedSVD(
    ^^^^^^^^^^^^
NameError: name 'TruncatedSVD' is not defined
2026-05-21 02:34:22,846 - WARNING - Trial 0 failed with parameters: {} because of the following error: NameError("name 'TruncatedSVD' is not defined").
Traceback (most recent call last):
  File "/home/junior/Documentos/GitHub/prediction-f1-pit-stops-kaggle-competition/.venv/lib/python3.13/site-packages/optuna/study/_optimize.py", line 206, in _run_trial
    value_or_values = func(trial)
  File "/home/junior/Documentos/GitHub/prediction-f1-pit-stops-kaggle-competition/src/truncatedsvd_linear_svc_tuning.py", line 132, in <lambda>
    study.optimize(lambda trial: objective(trial, X_train, y_train), n_trials=500, n_jobs=-1, show_progress_bar=True)
                                 ~~~~~~~~~^^^^^^^^^^^^^^^^^^^^^^^^^
  File "/home/junior/Documentos/GitHub/prediction-f1-pit-stops-kaggle-competition/src/truncatedsvd_linear_svc_tuning.py", line 100, in objective
    TruncatedSVD(
    ^^^^^^^^^^^^
NameError: name 'TruncatedSVD' is not defined
2026-05-21 02:34:22,848 - WARNING - Trial 10 failed with value None.
2026-05-21 02:34:22,853 - WARNING - Trial 4 failed with parameters: {} because of the following error: NameError("name 'TruncatedSVD' is not defined").
Traceback (most recent call last):
  File "/home/junior/Documentos/GitHub/prediction-f1-pit-stops-kaggle-competition/.venv/lib/python3.13/site-packages/optuna/study/_optimize.py", line 206, in _run_trial
    value_or_values = func(trial)
  File "/home/junior/Documentos/GitHub/prediction-f1-pit-stops-kaggle-competition/src/truncatedsvd_linear_svc_tuning.py", line 132, in <lambda>
    study.optimize(lambda trial: objective(trial, X_train, y_train), n_trials=500, n_jobs=-1, show_progress_bar=True)
                                 ~~~~~~~~~^^^^^^^^^^^^^^^^^^^^^^^^^
  File "/home/junior/Documentos/GitHub/prediction-f1-pit-stops-kaggle-competition/src/truncatedsvd_linear_svc_tuning.py", line 100, in objective
    TruncatedSVD(
    ^^^^^^^^^^^^
NameError: name 'TruncatedSVD' is not defined
2026-05-21 02:34:22,856 - WARNING - Trial 0 failed with value None.
2026-05-21 02:34:22,857 - WARNING - Trial 2 failed with parameters: {} because of the following error: NameError("name 'TruncatedSVD' is not defined").
Traceback (most recent call last):
  File "/home/junior/Documentos/GitHub/prediction-f1-pit-stops-kaggle-competition/.venv/lib/python3.13/site-packages/optuna/study/_optimize.py", line 206, in _run_trial
    value_or_values = func(trial)
  File "/home/junior/Documentos/GitHub/prediction-f1-pit-stops-kaggle-competition/src/truncatedsvd_linear_svc_tuning.py", line 132, in <lambda>
    study.optimize(lambda trial: objective(trial, X_train, y_train), n_trials=500, n_jobs=-1, show_progress_bar=True)
                                 ~~~~~~~~~^^^^^^^^^^^^^^^^^^^^^^^^^
  File "/home/junior/Documentos/GitHub/prediction-f1-pit-stops-kaggle-competition/src/truncatedsvd_linear_svc_tuning.py", line 100, in objective
    TruncatedSVD(
    ^^^^^^^^^^^^
NameError: name 'TruncatedSVD' is not defined
2026-05-21 02:34:22,858 - WARNING - Trial 4 failed with value None.
2026-05-21 02:34:22,861 - WARNING - Trial 6 failed with parameters: {} because of the following error: NameError("name 'TruncatedSVD' is not defined").
Traceback (most recent call last):
  File "/home/junior/Documentos/GitHub/prediction-f1-pit-stops-kaggle-competition/.venv/lib/python3.13/site-packages/optuna/study/_optimize.py", line 206, in _run_trial
    value_or_values = func(trial)
  File "/home/junior/Documentos/GitHub/prediction-f1-pit-stops-kaggle-competition/src/truncatedsvd_linear_svc_tuning.py", line 132, in <lambda>
    study.optimize(lambda trial: objective(trial, X_train, y_train), n_trials=500, n_jobs=-1, show_progress_bar=True)
                                 ~~~~~~~~~^^^^^^^^^^^^^^^^^^^^^^^^^
  File "/home/junior/Documentos/GitHub/prediction-f1-pit-stops-kaggle-competition/src/truncatedsvd_linear_svc_tuning.py", line 100, in objective
    TruncatedSVD(
    ^^^^^^^^^^^^
NameError: name 'TruncatedSVD' is not defined
2026-05-21 02:34:22,862 - WARNING - Trial 9 failed with parameters: {} because of the following error: NameError("name 'TruncatedSVD' is not defined").
Traceback (most recent call last):
  File "/home/junior/Documentos/GitHub/prediction-f1-pit-stops-kaggle-competition/.venv/lib/python3.13/site-packages/optuna/study/_optimize.py", line 206, in _run_trial
    value_or_values = func(trial)
  File "/home/junior/Documentos/GitHub/prediction-f1-pit-stops-kaggle-competition/src/truncatedsvd_linear_svc_tuning.py", line 132, in <lambda>
    study.optimize(lambda trial: objective(trial, X_train, y_train), n_trials=500, n_jobs=-1, show_progress_bar=True)
                                 ~~~~~~~~~^^^^^^^^^^^^^^^^^^^^^^^^^
  File "/home/junior/Documentos/GitHub/prediction-f1-pit-stops-kaggle-competition/src/truncatedsvd_linear_svc_tuning.py", line 100, in objective
    TruncatedSVD(
    ^^^^^^^^^^^^
NameError: name 'TruncatedSVD' is not defined
2026-05-21 02:34:22,863 - WARNING - Trial 2 failed with value None.
2026-05-21 02:34:22,865 - WARNING - Trial 6 failed with value None.
2026-05-21 02:34:22,866 - WARNING - Trial 9 failed with value None.
2026-05-21 02:34:22,867 - WARNING - Trial 11 failed with parameters: {} because of the following error: NameError("name 'TruncatedSVD' is not defined").
Traceback (most recent call last):
  File "/home/junior/Documentos/GitHub/prediction-f1-pit-stops-kaggle-competition/.venv/lib/python3.13/site-packages/optuna/study/_optimize.py", line 206, in _run_trial
    value_or_values = func(trial)
  File "/home/junior/Documentos/GitHub/prediction-f1-pit-stops-kaggle-competition/src/truncatedsvd_linear_svc_tuning.py", line 132, in <lambda>
    study.optimize(lambda trial: objective(trial, X_train, y_train), n_trials=500, n_jobs=-1, show_progress_bar=True)
                                 ~~~~~~~~~^^^^^^^^^^^^^^^^^^^^^^^^^
  File "/home/junior/Documentos/GitHub/prediction-f1-pit-stops-kaggle-competition/src/truncatedsvd_linear_svc_tuning.py", line 100, in objective
    TruncatedSVD(
    ^^^^^^^^^^^^
NameError: name 'TruncatedSVD' is not defined
2026-05-21 02:34:22,868 - WARNING - Trial 11 failed with value None.
2026-05-21 02:34:22,868 - WARNING - Trial 8 failed with parameters: {} because of the following error: NameError("name 'TruncatedSVD' is not defined").
Traceback (most recent call last):
  File "/home/junior/Documentos/GitHub/prediction-f1-pit-stops-kaggle-competition/.venv/lib/python3.13/site-packages/optuna/study/_optimize.py", line 206, in _run_trial
    value_or_values = func(trial)
  File "/home/junior/Documentos/GitHub/prediction-f1-pit-stops-kaggle-competition/src/truncatedsvd_linear_svc_tuning.py", line 132, in <lambda>
    study.optimize(lambda trial: objective(trial, X_train, y_train), n_trials=500, n_jobs=-1, show_progress_bar=True)
                                 ~~~~~~~~~^^^^^^^^^^^^^^^^^^^^^^^^^
  File "/home/junior/Documentos/GitHub/prediction-f1-pit-stops-kaggle-competition/src/truncatedsvd_linear_svc_tuning.py", line 100, in objective
    TruncatedSVD(
    ^^^^^^^^^^^^
NameError: name 'TruncatedSVD' is not defined
2026-05-21 02:34:22,869 - WARNING - Trial 8 failed with value None.
2026-05-21 02:34:22,870 - WARNING - Trial 7 failed with parameters: {} because of the following error: NameError("name 'TruncatedSVD' is not defined").
Traceback (most recent call last):
  File "/home/junior/Documentos/GitHub/prediction-f1-pit-stops-kaggle-competition/.venv/lib/python3.13/site-packages/optuna/study/_optimize.py", line 206, in _run_trial
    value_or_values = func(trial)
  File "/home/junior/Documentos/GitHub/prediction-f1-pit-stops-kaggle-competition/src/truncatedsvd_linear_svc_tuning.py", line 132, in <lambda>
    study.optimize(lambda trial: objective(trial, X_train, y_train), n_trials=500, n_jobs=-1, show_progress_bar=True)
                                 ~~~~~~~~~^^^^^^^^^^^^^^^^^^^^^^^^^
  File "/home/junior/Documentos/GitHub/prediction-f1-pit-stops-kaggle-competition/src/truncatedsvd_linear_svc_tuning.py", line 100, in objective
    TruncatedSVD(
    ^^^^^^^^^^^^
NameError: name 'TruncatedSVD' is not defined
2026-05-21 02:34:22,870 - WARNING - Trial 7 failed with value None.
2026-05-21 02:34:46,377 - INFO - ----- Model Tuning -----
2026-05-21 02:34:46,377 - INFO - A new study created in memory with name: no-name-38847e08-5093-4f00-a058-6bfbc47f013c
2026-05-21 02:37:36,527 - INFO - Trial 5 finished with value: 0.7118509839121787 and parameters: {'n_components': 6, 'algorithm': 'randomized', 'n_iter': 5, 'power_iteration_normalizer': 'auto', 'tol': 0.0012220033663959842, 'C': 0.00025691398706670967, 'loss': 'squared_hinge', 'tol_linear_svc': 1.408597938860387e-06}. Best is trial 5 with value: 0.7118509839121787.
2026-05-21 02:37:49,480 - INFO - Trial 3 finished with value: 0.8283371096329668 and parameters: {'n_components': 27, 'algorithm': 'randomized', 'n_iter': 3, 'power_iteration_normalizer': 'OR', 'tol': 3.724324397451846e-05, 'C': 26.76428981389407, 'loss': 'squared_hinge', 'tol_linear_svc': 1.0732480379300003e-06}. Best is trial 3 with value: 0.8283371096329668.
2026-05-21 02:37:57,916 - INFO - Trial 8 finished with value: 0.8437058497745398 and parameters: {'n_components': 34, 'algorithm': 'randomized', 'n_iter': 4, 'power_iteration_normalizer': 'OR', 'tol': 0.002071053893384042, 'C': 0.00040903569721714006, 'loss': 'squared_hinge', 'tol_linear_svc': 1.5572272042763522e-06}. Best is trial 8 with value: 0.8437058497745398.
2026-05-21 02:37:58,634 - INFO - Trial 1 finished with value: 0.815634779568432 and parameters: {'n_components': 22, 'algorithm': 'randomized', 'n_iter': 6, 'power_iteration_normalizer': 'auto', 'tol': 6.91659644509189e-06, 'C': 4.10730268287655e-05, 'loss': 'squared_hinge', 'tol_linear_svc': 0.0026421614625663204}. Best is trial 8 with value: 0.8437058497745398.
2026-05-21 02:37:58,990 - INFO - Trial 0 finished with value: 0.5452979227026635 and parameters: {'n_components': 2, 'algorithm': 'randomized', 'n_iter': 11, 'power_iteration_normalizer': 'auto', 'tol': 0.0001609847004458423, 'C': 0.040825212673584445, 'loss': 'squared_hinge', 'tol_linear_svc': 0.0006487291789042482}. Best is trial 8 with value: 0.8437058497745398.
2026-05-21 02:37:59,861 - INFO - Trial 6 finished with value: 0.8200431042819725 and parameters: {'n_components': 24, 'algorithm': 'randomized', 'n_iter': 6, 'power_iteration_normalizer': 'LU', 'tol': 0.005059351834830443, 'C': 50.33201316430299, 'loss': 'squared_hinge', 'tol_linear_svc': 7.169203802259246e-05}. Best is trial 8 with value: 0.8437058497745398.
2026-05-21 02:38:38,150 - INFO - Trial 11 finished with value: 0.8917482005049315 and parameters: {'n_components': 67, 'algorithm': 'randomized', 'n_iter': 7, 'power_iteration_normalizer': 'auto', 'tol': 0.00022713717289118797, 'C': 0.039475226351239734, 'loss': 'squared_hinge', 'tol_linear_svc': 0.0008868556027889647}. Best is trial 11 with value: 0.8917482005049315.
2026-05-21 02:38:48,204 - INFO - Trial 2 finished with value: 0.8755169322759025 and parameters: {'n_components': 36, 'algorithm': 'randomized', 'n_iter': 8, 'power_iteration_normalizer': 'LU', 'tol': 5.218270721399725e-05, 'C': 0.00878663671472065, 'loss': 'squared_hinge', 'tol_linear_svc': 0.00021781545563276866}. Best is trial 11 with value: 0.8917482005049315.
2026-05-21 02:39:05,383 - INFO - Trial 9 finished with value: 0.879067704096334 and parameters: {'n_components': 41, 'algorithm': 'randomized', 'n_iter': 10, 'power_iteration_normalizer': 'LU', 'tol': 2.9718290832153007e-05, 'C': 0.2184229396255577, 'loss': 'squared_hinge', 'tol_linear_svc': 0.007504912429196006}. Best is trial 11 with value: 0.8917482005049315.
2026-05-21 02:39:06,832 - INFO - Trial 4 finished with value: 0.8918927832890502 and parameters: {'n_components': 62, 'algorithm': 'randomized', 'n_iter': 9, 'power_iteration_normalizer': 'LU', 'tol': 1.6898021574812687e-06, 'C': 0.00036166525644333906, 'loss': 'squared_hinge', 'tol_linear_svc': 0.00021148562889456546}. Best is trial 4 with value: 0.8918927832890502.
2026-05-21 02:39:41,458 - INFO - Trial 13 pruned. 
2026-05-21 02:40:24,881 - INFO - Trial 14 pruned. 
2026-05-21 02:40:46,828 - INFO - Trial 17 pruned. 
2026-05-21 02:41:19,110 - INFO - Trial 7 finished with value: 0.8894446229470546 and parameters: {'n_components': 50, 'algorithm': 'randomized', 'n_iter': 8, 'power_iteration_normalizer': 'OR', 'tol': 1.7614504074918555e-06, 'C': 0.07513585644898324, 'loss': 'squared_hinge', 'tol_linear_svc': 0.0005350062217822883}. Best is trial 4 with value: 0.8918927832890502.
2026-05-21 02:42:33,318 - INFO - Trial 15 finished with value: 0.8864757691172794 and parameters: {'n_components': 43, 'algorithm': 'randomized', 'n_iter': 4, 'power_iteration_normalizer': 'OR', 'tol': 0.0002767715943680487, 'C': 43.30036638143843, 'loss': 'squared_hinge', 'tol_linear_svc': 0.00018196278842944974}. Best is trial 4 with value: 0.8918927832890502.
2026-05-21 02:42:58,651 - INFO - Trial 20 pruned. 
2026-05-21 02:43:21,368 - INFO - ----- Model Tuning -----
2026-05-21 02:43:21,368 - INFO - A new study created in memory with name: no-name-c6b25cf5-3382-4092-b6a5-3c66995e04ac
2026-05-21 02:45:44,547 - INFO - Trial 8 finished with value: 0.5503104824896246 and parameters: {'n_components': 3, 'algorithm': 'randomized', 'n_iter': 4, 'power_iteration_normalizer': 'LU', 'tol': 3.223429067797448e-05, 'C': 22.276730493899354, 'loss': 'squared_hinge', 'tol_linear_svc': 1.4339886771509951e-06}. Best is trial 8 with value: 0.5503104824896246.
2026-05-21 02:46:27,580 - INFO - Trial 9 finished with value: 0.5882330609022205 and parameters: {'n_components': 4, 'algorithm': 'randomized', 'n_iter': 14, 'power_iteration_normalizer': 'OR', 'tol': 6.526229510293528e-05, 'C': 3.8284855815744043, 'loss': 'squared_hinge', 'tol_linear_svc': 0.00013176482401605925}. Best is trial 9 with value: 0.5882330609022205.
2026-05-21 02:46:27,790 - INFO - Trial 4 finished with value: 0.8406977212758842 and parameters: {'n_components': 31, 'algorithm': 'randomized', 'n_iter': 4, 'power_iteration_normalizer': 'auto', 'tol': 3.230955668501256e-05, 'C': 0.0007425345261635809, 'loss': 'squared_hinge', 'tol_linear_svc': 0.00031671260716890074}. Best is trial 4 with value: 0.8406977212758842.
2026-05-21 02:46:54,524 - INFO - Trial 0 finished with value: 0.7983432122965191 and parameters: {'n_components': 15, 'algorithm': 'randomized', 'n_iter': 15, 'power_iteration_normalizer': 'OR', 'tol': 1.5516417775589667e-06, 'C': 2.4503276628130433, 'loss': 'squared_hinge', 'tol_linear_svc': 3.12522372441104e-06}. Best is trial 4 with value: 0.8406977212758842.
2026-05-21 02:46:54,562 - INFO - Trial 10 finished with value: 0.8399645287117006 and parameters: {'n_components': 29, 'algorithm': 'randomized', 'n_iter': 10, 'power_iteration_normalizer': 'auto', 'tol': 0.006274294458746742, 'C': 0.0008688057341966558, 'loss': 'squared_hinge', 'tol_linear_svc': 0.006706627544407955}. Best is trial 4 with value: 0.8406977212758842.
2026-05-21 02:47:12,184 - INFO - Trial 11 finished with value: 0.8159810196884081 and parameters: {'n_components': 23, 'algorithm': 'randomized', 'n_iter': 12, 'power_iteration_normalizer': 'auto', 'tol': 0.0033451165933841964, 'C': 7.303887465393694e-05, 'loss': 'squared_hinge', 'tol_linear_svc': 0.0004287565132338608}. Best is trial 4 with value: 0.8406977212758842.
2026-05-21 02:47:27,108 - INFO - Trial 2 finished with value: 0.8632336161931455 and parameters: {'n_components': 37, 'algorithm': 'randomized', 'n_iter': 9, 'power_iteration_normalizer': 'OR', 'tol': 0.0004789545897667033, 'C': 1.6506915850711303, 'loss': 'squared_hinge', 'tol_linear_svc': 0.008315997324413656}. Best is trial 2 with value: 0.8632336161931455.
2026-05-21 02:47:56,985 - INFO - Trial 5 finished with value: 0.8757587601372372 and parameters: {'n_components': 37, 'algorithm': 'randomized', 'n_iter': 15, 'power_iteration_normalizer': 'auto', 'tol': 5.602073127814217e-06, 'C': 0.0002939151717775303, 'loss': 'squared_hinge', 'tol_linear_svc': 5.385658562386833e-06}. Best is trial 5 with value: 0.8757587601372372.
2026-05-21 02:47:57,540 - INFO - Trial 14 pruned. 
2026-05-21 02:48:13,013 - INFO - Trial 13 pruned. 
2026-05-21 02:48:23,394 - INFO - Trial 7 finished with value: 0.8907749656119718 and parameters: {'n_components': 52, 'algorithm': 'randomized', 'n_iter': 9, 'power_iteration_normalizer': 'auto', 'tol': 1.926618494404807e-06, 'C': 0.0824625681229889, 'loss': 'squared_hinge', 'tol_linear_svc': 0.0010242849148385095}. Best is trial 7 with value: 0.8907749656119718.
2026-05-21 02:48:51,810 - INFO - Trial 1 finished with value: 0.8911006373532416 and parameters: {'n_components': 72, 'algorithm': 'randomized', 'n_iter': 3, 'power_iteration_normalizer': 'LU', 'tol': 0.00013420706381876693, 'C': 0.015774810537195618, 'loss': 'squared_hinge', 'tol_linear_svc': 1.5494209742878745e-06}. Best is trial 1 with value: 0.8911006373532416.
2026-05-21 02:49:00,631 - INFO - Trial 12 finished with value: 0.8399621211706402 and parameters: {'n_components': 29, 'algorithm': 'randomized', 'n_iter': 3, 'power_iteration_normalizer': 'auto', 'tol': 0.0011978627974829426, 'C': 0.0003195039667532244, 'loss': 'squared_hinge', 'tol_linear_svc': 1.6037545153484512e-06}. Best is trial 1 with value: 0.8911006373532416.
2026-05-21 02:49:11,840 - INFO - Trial 16 pruned. 
2026-05-21 02:49:18,834 - INFO - Trial 6 finished with value: 0.8920338174802241 and parameters: {'n_components': 73, 'algorithm': 'randomized', 'n_iter': 15, 'power_iteration_normalizer': 'LU', 'tol': 6.691818433269383e-05, 'C': 0.06512206050621147, 'loss': 'squared_hinge', 'tol_linear_svc': 0.0011365539464118619}. Best is trial 6 with value: 0.8920338174802241.
2026-05-21 02:49:19,474 - INFO - Trial 15 pruned. 
2026-05-21 02:49:43,239 - INFO - Trial 20 pruned. 
2026-05-21 02:50:13,722 - INFO - Trial 19 pruned. 
2026-05-21 02:52:44,077 - INFO - Trial 17 finished with value: 0.875100657116666 and parameters: {'n_components': 39, 'algorithm': 'randomized', 'n_iter': 11, 'power_iteration_normalizer': 'OR', 'tol': 0.00025160550107278094, 'C': 1.3958930778618064, 'loss': 'squared_hinge', 'tol_linear_svc': 0.00027270043551920497}. Best is trial 6 with value: 0.8920338174802241.
2026-05-21 02:53:01,515 - INFO - Trial 18 finished with value: 0.8469985323695042 and parameters: {'n_components': 30, 'algorithm': 'randomized', 'n_iter': 11, 'power_iteration_normalizer': 'OR', 'tol': 0.0040821396536505905, 'C': 0.002235686735645007, 'loss': 'squared_hinge', 'tol_linear_svc': 3.761480677935626e-05}. Best is trial 6 with value: 0.8920338174802241.
2026-05-21 02:53:12,791 - INFO - Trial 3 finished with value: 0.8903726719590435 and parameters: {'n_components': 52, 'algorithm': 'randomized', 'n_iter': 5, 'power_iteration_normalizer': 'OR', 'tol': 6.12454183238986e-06, 'C': 0.7498446845299923, 'loss': 'squared_hinge', 'tol_linear_svc': 3.4399969740708458e-06}. Best is trial 6 with value: 0.8920338174802241.
2026-05-21 02:54:50,080 - INFO - Trial 22 finished with value: 0.8913349297797085 and parameters: {'n_components': 58, 'algorithm': 'randomized', 'n_iter': 7, 'power_iteration_normalizer': 'auto', 'tol': 1.1988948500483235e-06, 'C': 0.020071059407912647, 'loss': 'squared_hinge', 'tol_linear_svc': 9.770198206714204e-06}. Best is trial 6 with value: 0.8920338174802241.
2026-05-21 02:54:54,456 - INFO - Trial 23 finished with value: 0.8918746902562968 and parameters: {'n_components': 67, 'algorithm': 'randomized', 'n_iter': 7, 'power_iteration_normalizer': 'LU', 'tol': 5.681495675564667e-06, 'C': 0.028538902070871373, 'loss': 'squared_hinge', 'tol_linear_svc': 1.369479139153591e-05}. Best is trial 6 with value: 0.8920338174802241.
2026-05-21 02:55:02,485 - INFO - Trial 21 finished with value: 0.8917887804055316 and parameters: {'n_components': 59, 'algorithm': 'randomized', 'n_iter': 12, 'power_iteration_normalizer': 'auto', 'tol': 2.0212270213157666e-06, 'C': 0.018457414200936644, 'loss': 'squared_hinge', 'tol_linear_svc': 2.14709059141258e-05}. Best is trial 6 with value: 0.8920338174802241.
2026-05-21 02:55:12,648 - INFO - Trial 24 finished with value: 0.8919256258321256 and parameters: {'n_components': 68, 'algorithm': 'randomized', 'n_iter': 6, 'power_iteration_normalizer': 'LU', 'tol': 7.686753879924093e-06, 'C': 0.02439286291000889, 'loss': 'squared_hinge', 'tol_linear_svc': 2.1364961070499212e-05}. Best is trial 6 with value: 0.8920338174802241.
2026-05-21 02:55:38,133 - INFO - Trial 25 finished with value: 0.8920561180371012 and parameters: {'n_components': 69, 'algorithm': 'randomized', 'n_iter': 6, 'power_iteration_normalizer': 'LU', 'tol': 8.298102141578165e-06, 'C': 0.022654957859640678, 'loss': 'squared_hinge', 'tol_linear_svc': 1.471522631872424e-05}. Best is trial 25 with value: 0.8920561180371012.
2026-05-21 02:58:50,373 - INFO - Trial 26 finished with value: 0.8919438180250351 and parameters: {'n_components': 75, 'algorithm': 'randomized', 'n_iter': 12, 'power_iteration_normalizer': 'LU', 'tol': 0.00018915371876514157, 'C': 0.01077542762959423, 'loss': 'squared_hinge', 'tol_linear_svc': 2.0901316663449753e-05}. Best is trial 25 with value: 0.8920561180371012.
2026-05-21 02:58:50,397 - INFO - Trial 27 finished with value: 0.8920501203162765 and parameters: {'n_components': 75, 'algorithm': 'randomized', 'n_iter': 12, 'power_iteration_normalizer': 'LU', 'tol': 0.00016752424450134309, 'C': 0.007233839720089486, 'loss': 'squared_hinge', 'tol_linear_svc': 1.829898288488265e-05}. Best is trial 25 with value: 0.8920561180371012.
2026-05-21 02:59:42,308 - INFO - Trial 28 finished with value: 0.8921214545459446 and parameters: {'n_components': 74, 'algorithm': 'randomized', 'n_iter': 12, 'power_iteration_normalizer': 'LU', 'tol': 0.0001782057295392039, 'C': 0.008010611868697108, 'loss': 'squared_hinge', 'tol_linear_svc': 2.0057504241713533e-05}. Best is trial 28 with value: 0.8921214545459446.
2026-05-21 02:59:46,997 - INFO - Trial 31 pruned. 
2026-05-21 03:01:06,280 - INFO - Trial 29 finished with value: 0.8921063391388317 and parameters: {'n_components': 75, 'algorithm': 'randomized', 'n_iter': 13, 'power_iteration_normalizer': 'LU', 'tol': 0.0002004327475749177, 'C': 0.014566711780159586, 'loss': 'squared_hinge', 'tol_linear_svc': 2.007905135866393e-05}. Best is trial 28 with value: 0.8921214545459446.
2026-05-21 03:02:02,489 - INFO - Trial 30 finished with value: 0.8920984895025674 and parameters: {'n_components': 74, 'algorithm': 'randomized', 'n_iter': 13, 'power_iteration_normalizer': 'LU', 'tol': 0.00013108247014402734, 'C': 0.009248865832045683, 'loss': 'squared_hinge', 'tol_linear_svc': 2.5494287083320478e-05}. Best is trial 28 with value: 0.8921214545459446.
2026-05-21 03:02:46,328 - INFO - Trial 33 finished with value: 0.8918707539984766 and parameters: {'n_components': 73, 'algorithm': 'randomized', 'n_iter': 5, 'power_iteration_normalizer': 'LU', 'tol': 0.0001520700283420917, 'C': 0.01082510105105161, 'loss': 'squared_hinge', 'tol_linear_svc': 1.3141779159836016e-05}. Best is trial 28 with value: 0.8921214545459446.
2026-05-21 03:03:36,187 - INFO - Trial 37 finished with value: 0.8920331437658516 and parameters: {'n_components': 74, 'algorithm': 'randomized', 'n_iter': 5, 'power_iteration_normalizer': 'LU', 'tol': 1.3536353272594721e-05, 'C': 0.004236029309372485, 'loss': 'squared_hinge', 'tol_linear_svc': 6.653366714603241e-05}. Best is trial 28 with value: 0.8921214545459446.
2026-05-21 03:03:40,923 - INFO - Trial 36 finished with value: 0.8921553670674193 and parameters: {'n_components': 74, 'algorithm': 'randomized', 'n_iter': 6, 'power_iteration_normalizer': 'LU', 'tol': 8.409552765336808e-06, 'C': 0.0045764955931919754, 'loss': 'squared_hinge', 'tol_linear_svc': 4.470337297238584e-05}. Best is trial 36 with value: 0.8921553670674193.
2026-05-21 03:03:42,788 - INFO - Trial 34 finished with value: 0.8920072647351759 and parameters: {'n_components': 73, 'algorithm': 'randomized', 'n_iter': 6, 'power_iteration_normalizer': 'LU', 'tol': 1.0233410141085135e-06, 'C': 0.00451737926577085, 'loss': 'squared_hinge', 'tol_linear_svc': 2.711565703120418e-05}. Best is trial 36 with value: 0.8921553670674193.
2026-05-21 03:04:24,931 - INFO - Trial 32 finished with value: 0.892132149399362 and parameters: {'n_components': 75, 'algorithm': 'randomized', 'n_iter': 13, 'power_iteration_normalizer': 'LU', 'tol': 1.0684180522268552e-06, 'C': 0.033497642997548115, 'loss': 'squared_hinge', 'tol_linear_svc': 3.618817610322364e-05}. Best is trial 36 with value: 0.8921553670674193.
2026-05-21 03:04:40,347 - INFO - Trial 35 finished with value: 0.8921735458687682 and parameters: {'n_components': 75, 'algorithm': 'randomized', 'n_iter': 13, 'power_iteration_normalizer': 'LU', 'tol': 3.3743478371986252e-06, 'C': 0.0039231626785511285, 'loss': 'squared_hinge', 'tol_linear_svc': 3.120749746435579e-05}. Best is trial 35 with value: 0.8921735458687682.
2026-05-21 03:07:52,148 - INFO - Trial 38 finished with value: 0.8919375182327544 and parameters: {'n_components': 63, 'algorithm': 'randomized', 'n_iter': 14, 'power_iteration_normalizer': 'LU', 'tol': 1.5234153321084844e-05, 'C': 0.0022267726186839063, 'loss': 'squared_hinge', 'tol_linear_svc': 5.477839599705649e-05}. Best is trial 35 with value: 0.8921735458687682.
2026-05-21 03:07:57,374 - INFO - Trial 39 finished with value: 0.8918953634794369 and parameters: {'n_components': 62, 'algorithm': 'randomized', 'n_iter': 14, 'power_iteration_normalizer': 'LU', 'tol': 1.433825268167492e-05, 'C': 0.002427052068632386, 'loss': 'squared_hinge', 'tol_linear_svc': 4.837145665897142e-05}. Best is trial 35 with value: 0.8921735458687682.
2026-05-21 03:08:51,643 - INFO - Trial 40 finished with value: 0.8919736190409729 and parameters: {'n_components': 61, 'algorithm': 'randomized', 'n_iter': 13, 'power_iteration_normalizer': 'LU', 'tol': 0.0011233702504946355, 'C': 0.0039548136560074, 'loss': 'squared_hinge', 'tol_linear_svc': 4.0427480914152154e-05}. Best is trial 35 with value: 0.8921735458687682.
2026-05-21 03:08:52,251 - INFO - Trial 41 finished with value: 0.8919694253200745 and parameters: {'n_components': 63, 'algorithm': 'randomized', 'n_iter': 13, 'power_iteration_normalizer': 'LU', 'tol': 0.0006373225802035973, 'C': 0.0032041851767317976, 'loss': 'squared_hinge', 'tol_linear_svc': 5.6782390450032115e-05}. Best is trial 35 with value: 0.8921735458687682.
2026-05-21 03:09:41,769 - INFO - Trial 42 finished with value: 0.8919905229998687 and parameters: {'n_components': 64, 'algorithm': 'randomized', 'n_iter': 13, 'power_iteration_normalizer': 'LU', 'tol': 0.00043098318408289575, 'C': 0.0032980135751659316, 'loss': 'squared_hinge', 'tol_linear_svc': 6.534463117924189e-05}. Best is trial 35 with value: 0.8921735458687682.
2026-05-21 03:10:40,935 - INFO - Trial 43 finished with value: 0.8920358796264866 and parameters: {'n_components': 65, 'algorithm': 'randomized', 'n_iter': 14, 'power_iteration_normalizer': 'LU', 'tol': 0.0006518430801337098, 'C': 0.0038919872817208953, 'loss': 'squared_hinge', 'tol_linear_svc': 5.8082202976533067e-05}. Best is trial 35 with value: 0.8921735458687682.
2026-05-21 03:11:25,889 - INFO - Trial 44 finished with value: 0.8918670224477527 and parameters: {'n_components': 66, 'algorithm': 'randomized', 'n_iter': 14, 'power_iteration_normalizer': 'LU', 'tol': 0.0005009342043948647, 'C': 0.0028993920550805055, 'loss': 'squared_hinge', 'tol_linear_svc': 5.787705920626932e-05}. Best is trial 35 with value: 0.8921735458687682.
2026-05-21 03:12:15,901 - INFO - Trial 45 finished with value: 0.8919657550241201 and parameters: {'n_components': 66, 'algorithm': 'randomized', 'n_iter': 14, 'power_iteration_normalizer': 'LU', 'tol': 0.0003651773004585227, 'C': 0.09462721903886304, 'loss': 'squared_hinge', 'tol_linear_svc': 5.797910874758183e-05}. Best is trial 35 with value: 0.8921735458687682.
2026-05-21 03:12:16,227 - INFO - Trial 47 finished with value: 0.8919433353562134 and parameters: {'n_components': 63, 'algorithm': 'randomized', 'n_iter': 14, 'power_iteration_normalizer': 'LU', 'tol': 0.0005286592430828095, 'C': 0.0979556900666669, 'loss': 'squared_hinge', 'tol_linear_svc': 6.708301737511607e-05}. Best is trial 35 with value: 0.8921735458687682.
2026-05-21 03:12:19,788 - INFO - Trial 46 finished with value: 0.8919447885069569 and parameters: {'n_components': 62, 'algorithm': 'randomized', 'n_iter': 14, 'power_iteration_normalizer': 'LU', 'tol': 0.00038562266466275383, 'C': 0.09651562548367638, 'loss': 'squared_hinge', 'tol_linear_svc': 6.0121797868561715e-05}. Best is trial 35 with value: 0.8921735458687682.
2026-05-21 03:13:09,374 - INFO - Trial 48 finished with value: 0.8920069829604355 and parameters: {'n_components': 63, 'algorithm': 'randomized', 'n_iter': 14, 'power_iteration_normalizer': 'LU', 'tol': 0.00040961891480419067, 'C': 0.0016733422079744445, 'loss': 'squared_hinge', 'tol_linear_svc': 5.123653978805598e-05}. Best is trial 35 with value: 0.8921735458687682.
2026-05-21 03:13:10,524 - INFO - Trial 49 finished with value: 0.8920288912266121 and parameters: {'n_components': 62, 'algorithm': 'randomized', 'n_iter': 14, 'power_iteration_normalizer': 'LU', 'tol': 3.0703119462606303e-06, 'C': 0.09281591384746246, 'loss': 'squared_hinge', 'tol_linear_svc': 6.357165942076297e-05}. Best is trial 35 with value: 0.8921735458687682.
2026-05-21 03:16:04,604 - INFO - Trial 56 pruned. 
2026-05-21 03:16:04,632 - INFO - Trial 51 finished with value: 0.8907481833500995 and parameters: {'n_components': 51, 'algorithm': 'randomized', 'n_iter': 11, 'power_iteration_normalizer': 'LU', 'tol': 2.9632226369918233e-06, 'C': 0.08732209541063865, 'loss': 'squared_hinge', 'tol_linear_svc': 4.129430363865518e-06}. Best is trial 35 with value: 0.8921735458687682.
2026-05-21 03:16:04,662 - INFO - Trial 50 finished with value: 0.8907483404884674 and parameters: {'n_components': 51, 'algorithm': 'randomized', 'n_iter': 11, 'power_iteration_normalizer': 'LU', 'tol': 2.3340974762547024e-06, 'C': 0.08537242854266197, 'loss': 'squared_hinge', 'tol_linear_svc': 6.973570531764068e-06}. Best is trial 35 with value: 0.8921735458687682.
2026-05-21 03:16:54,436 - INFO - Trial 53 finished with value: 0.8908374477015413 and parameters: {'n_components': 53, 'algorithm': 'randomized', 'n_iter': 11, 'power_iteration_normalizer': 'LU', 'tol': 2.7978499110583746e-06, 'C': 0.06383985010327166, 'loss': 'squared_hinge', 'tol_linear_svc': 7.471790767740004e-06}. Best is trial 35 with value: 0.8921735458687682.
2026-05-21 03:17:00,852 - INFO - Trial 52 finished with value: 0.8913137062533615 and parameters: {'n_components': 69, 'algorithm': 'randomized', 'n_iter': 15, 'power_iteration_normalizer': 'LU', 'tol': 3.0431180353939203e-06, 'C': 0.0012434199701096026, 'loss': 'squared_hinge', 'tol_linear_svc': 6.901906956463113e-06}. Best is trial 35 with value: 0.8921735458687682.
2026-05-21 03:18:20,062 - INFO - Trial 55 finished with value: 0.8913924711073292 and parameters: {'n_components': 54, 'algorithm': 'randomized', 'n_iter': 11, 'power_iteration_normalizer': 'LU', 'tol': 2.8289233017540553e-06, 'C': 0.07380183305284305, 'loss': 'squared_hinge', 'tol_linear_svc': 7.75485978005134e-06}. Best is trial 35 with value: 0.8921735458687682.
2026-05-21 03:18:30,682 - INFO - Trial 54 finished with value: 0.8920815587582279 and parameters: {'n_components': 69, 'algorithm': 'randomized', 'n_iter': 11, 'power_iteration_normalizer': 'LU', 'tol': 3.245148097561349e-06, 'C': 0.07919534982137097, 'loss': 'squared_hinge', 'tol_linear_svc': 7.196016674130677e-06}. Best is trial 35 with value: 0.8921735458687682.
2026-05-21 03:19:53,145 - INFO - Trial 58 finished with value: 0.8907103237533617 and parameters: {'n_components': 52, 'algorithm': 'randomized', 'n_iter': 11, 'power_iteration_normalizer': 'LU', 'tol': 2.968626294357997e-06, 'C': 0.001060237433857253, 'loss': 'squared_hinge', 'tol_linear_svc': 4.62419306581532e-06}. Best is trial 35 with value: 0.8921735458687682.
2026-05-21 03:19:55,245 - INFO - Trial 57 finished with value: 0.8893541657780268 and parameters: {'n_components': 54, 'algorithm': 'randomized', 'n_iter': 11, 'power_iteration_normalizer': 'LU', 'tol': 3.539610238056503e-06, 'C': 0.04627389206458999, 'loss': 'squared_hinge', 'tol_linear_svc': 5.4587392357455195e-06}. Best is trial 35 with value: 0.8921735458687682.
2026-05-21 03:19:55,997 - INFO - Trial 59 finished with value: 0.890380912370522 and parameters: {'n_components': 51, 'algorithm': 'randomized', 'n_iter': 11, 'power_iteration_normalizer': 'LU', 'tol': 3.116688464607661e-06, 'C': 0.00011981033631739894, 'loss': 'squared_hinge', 'tol_linear_svc': 5.630447293676356e-06}. Best is trial 35 with value: 0.8921735458687682.
2026-05-21 03:20:21,204 - INFO - Trial 60 finished with value: 0.8905425171978998 and parameters: {'n_components': 53, 'algorithm': 'randomized', 'n_iter': 11, 'power_iteration_normalizer': 'LU', 'tol': 2.4656691526020594e-06, 'C': 0.00014368268440199917, 'loss': 'squared_hinge', 'tol_linear_svc': 3.6190076630721676e-06}. Best is trial 35 with value: 0.8921735458687682.
2026-05-21 03:20:22,718 - INFO - Trial 61 finished with value: 0.8912853315243027 and parameters: {'n_components': 54, 'algorithm': 'randomized', 'n_iter': 11, 'power_iteration_normalizer': 'LU', 'tol': 3.3314258716257582e-06, 'C': 0.00017471677614951163, 'loss': 'squared_hinge', 'tol_linear_svc': 6.391756475214029e-06}. Best is trial 35 with value: 0.8921735458687682.
2026-05-21 03:23:22,278 - INFO - Trial 64 finished with value: 0.8917794170121083 and parameters: {'n_components': 70, 'algorithm': 'randomized', 'n_iter': 10, 'power_iteration_normalizer': 'LU', 'tol': 0.00010564877461289153, 'C': 0.0001969428372377551, 'loss': 'squared_hinge', 'tol_linear_svc': 1.0508643680528366e-05}. Best is trial 35 with value: 0.8921735458687682.
2026-05-21 03:23:28,558 - INFO - Trial 62 finished with value: 0.8917049318579633 and parameters: {'n_components': 71, 'algorithm': 'randomized', 'n_iter': 10, 'power_iteration_normalizer': 'LU', 'tol': 9.105303957189484e-05, 'C': 0.00016959644592843, 'loss': 'squared_hinge', 'tol_linear_svc': 9.685572906946198e-05}. Best is trial 35 with value: 0.8921735458687682.
2026-05-21 03:23:47,852 - INFO - Trial 63 finished with value: 0.891982650780038 and parameters: {'n_components': 70, 'algorithm': 'randomized', 'n_iter': 10, 'power_iteration_normalizer': 'LU', 'tol': 4.798822378046319e-05, 'C': 0.04561305391985045, 'loss': 'squared_hinge', 'tol_linear_svc': 9.38324896846001e-06}. Best is trial 35 with value: 0.8921735458687682.
2026-05-21 03:24:02,254 - INFO - Trial 65 finished with value: 0.8918767445331346 and parameters: {'n_components': 70, 'algorithm': 'randomized', 'n_iter': 13, 'power_iteration_normalizer': 'LU', 'tol': 0.00011179994133221136, 'C': 0.0002389683441551405, 'loss': 'squared_hinge', 'tol_linear_svc': 3.371271170443238e-05}. Best is trial 35 with value: 0.8921735458687682.
2026-05-21 03:25:30,164 - INFO - Trial 67 finished with value: 0.8912498889769009 and parameters: {'n_components': 70, 'algorithm': 'randomized', 'n_iter': 13, 'power_iteration_normalizer': 'OR', 'tol': 0.00010055986435038006, 'C': 0.00018626439864052223, 'loss': 'squared_hinge', 'tol_linear_svc': 0.00010278901282684781}. Best is trial 35 with value: 0.8921735458687682.
2026-05-21 03:25:47,283 - INFO - Trial 66 finished with value: 0.8916073608190851 and parameters: {'n_components': 71, 'algorithm': 'randomized', 'n_iter': 13, 'power_iteration_normalizer': 'OR', 'tol': 9.675363272998736e-05, 'C': 0.00030252907106813776, 'loss': 'squared_hinge', 'tol_linear_svc': 3.0293344782089705e-05}. Best is trial 35 with value: 0.8921735458687682.
2026-05-21 03:26:30,662 - INFO - Trial 68 finished with value: 0.8917517448022035 and parameters: {'n_components': 71, 'algorithm': 'randomized', 'n_iter': 10, 'power_iteration_normalizer': 'OR', 'tol': 9.429307642495366e-05, 'C': 0.0005258091925469349, 'loss': 'squared_hinge', 'tol_linear_svc': 2.898675266053152e-05}. Best is trial 35 with value: 0.8921735458687682.
2026-05-21 03:27:37,762 - INFO - Trial 70 finished with value: 0.8917507998995389 and parameters: {'n_components': 71, 'algorithm': 'randomized', 'n_iter': 10, 'power_iteration_normalizer': 'OR', 'tol': 0.00010181032224179303, 'C': 0.0005356650530342973, 'loss': 'squared_hinge', 'tol_linear_svc': 9.423574367822102e-05}. Best is trial 35 with value: 0.8921735458687682.
2026-05-21 03:28:41,296 - INFO - Trial 73 finished with value: 0.8917891815195105 and parameters: {'n_components': 71, 'algorithm': 'randomized', 'n_iter': 12, 'power_iteration_normalizer': 'OR', 'tol': 0.0001003249267211634, 'C': 0.00041141541005151536, 'loss': 'squared_hinge', 'tol_linear_svc': 3.0289812880224023e-05}. Best is trial 35 with value: 0.8921735458687682.
2026-05-21 03:29:11,652 - INFO - Trial 78 pruned. 
2026-05-21 03:32:49,678 - INFO - Trial 75 finished with value: 0.891787264931353 and parameters: {'n_components': 72, 'algorithm': 'randomized', 'n_iter': 13, 'power_iteration_normalizer': 'OR', 'tol': 5.2234209488769446e-05, 'C': 0.0006378250181798588, 'loss': 'squared_hinge', 'tol_linear_svc': 2.3697323926447536e-06}. Best is trial 35 with value: 0.8921735458687682.
2026-05-21 03:34:01,706 - INFO - Trial 83 finished with value: 0.8920052789582142 and parameters: {'n_components': 68, 'algorithm': 'randomized', 'n_iter': 6, 'power_iteration_normalizer': 'LU', 'tol': 7.732966614519316e-06, 'C': 0.2595460894394556, 'loss': 'squared_hinge', 'tol_linear_svc': 1.4366968280339087e-05}. Best is trial 35 with value: 0.8921735458687682.
2026-05-21 03:34:55,171 - INFO - Trial 79 finished with value: 0.892040912409281 and parameters: {'n_components': 75, 'algorithm': 'randomized', 'n_iter': 8, 'power_iteration_normalizer': 'auto', 'tol': 1.4441682516122759e-06, 'C': 0.2772909890797617, 'loss': 'squared_hinge', 'tol_linear_svc': 1.6040238496125056e-05}. Best is trial 35 with value: 0.8921735458687682.
2026-05-21 03:35:56,444 - INFO - Trial 80 finished with value: 0.892017051395418 and parameters: {'n_components': 75, 'algorithm': 'randomized', 'n_iter': 12, 'power_iteration_normalizer': 'auto', 'tol': 1.2968248363092461e-06, 'C': 0.007368295298052699, 'loss': 'squared_hinge', 'tol_linear_svc': 2.259693908332261e-06}. Best is trial 35 with value: 0.8921735458687682.
2026-05-21 03:36:54,802 - INFO - Trial 81 finished with value: 0.8920092578193838 and parameters: {'n_components': 75, 'algorithm': 'randomized', 'n_iter': 12, 'power_iteration_normalizer': 'auto', 'tol': 1.494227876490121e-06, 'C': 0.2422134281947073, 'loss': 'squared_hinge', 'tol_linear_svc': 2.7595007012547595e-06}. Best is trial 35 with value: 0.8921735458687682.
2026-05-21 03:37:37,265 - INFO - Trial 82 finished with value: 0.8921654542278634 and parameters: {'n_components': 75, 'algorithm': 'randomized', 'n_iter': 8, 'power_iteration_normalizer': 'auto', 'tol': 1.5915312357716896e-06, 'C': 0.17545362266144945, 'loss': 'squared_hinge', 'tol_linear_svc': 1.7531999512178842e-05}. Best is trial 35 with value: 0.8921735458687682.
2026-05-21 03:37:55,181 - INFO - Trial 84 finished with value: 0.8919935929188456 and parameters: {'n_components': 67, 'algorithm': 'randomized', 'n_iter': 8, 'power_iteration_normalizer': 'LU', 'tol': 1.508006527140043e-06, 'C': 0.1816779798400638, 'loss': 'squared_hinge', 'tol_linear_svc': 1.5703500143160538e-05}. Best is trial 35 with value: 0.8921735458687682.
2026-05-21 03:39:50,562 - INFO - Trial 85 finished with value: 0.8919379169507211 and parameters: {'n_components': 67, 'algorithm': 'randomized', 'n_iter': 8, 'power_iteration_normalizer': 'auto', 'tol': 2.3433161219659104e-05, 'C': 0.006988180363928587, 'loss': 'squared_hinge', 'tol_linear_svc': 1.6919207759361888e-05}. Best is trial 35 with value: 0.8921735458687682.
2026-05-21 03:41:36,528 - INFO - Trial 87 finished with value: 0.8918877684216764 and parameters: {'n_components': 68, 'algorithm': 'randomized', 'n_iter': 6, 'power_iteration_normalizer': 'LU', 'tol': 2.1201531582724114e-05, 'C': 0.012614799587192351, 'loss': 'squared_hinge', 'tol_linear_svc': 2.1620860403638114e-05}. Best is trial 35 with value: 0.8921735458687682.
2026-05-21 03:41:48,150 - INFO - Trial 88 finished with value: 0.8917723719970632 and parameters: {'n_components': 59, 'algorithm': 'randomized', 'n_iter': 4, 'power_iteration_normalizer': 'LU', 'tol': 8.618892864027967e-06, 'C': 0.017173033180589145, 'loss': 'squared_hinge', 'tol_linear_svc': 2.3493775148364275e-05}. Best is trial 35 with value: 0.8921735458687682.
2026-05-21 03:41:56,896 - INFO - Trial 86 finished with value: 0.8919003333112085 and parameters: {'n_components': 68, 'algorithm': 'randomized', 'n_iter': 12, 'power_iteration_normalizer': 'LU', 'tol': 2.3390605343279942e-05, 'C': 0.006619958114563655, 'loss': 'squared_hinge', 'tol_linear_svc': 2.287131502685636e-05}. Best is trial 35 with value: 0.8921735458687682.
2026-05-21 03:43:07,086 - INFO - Trial 89 finished with value: 0.8920498748380797 and parameters: {'n_components': 67, 'algorithm': 'randomized', 'n_iter': 9, 'power_iteration_normalizer': 'auto', 'tol': 4.637665608642869e-06, 'C': 6.3519060333820585, 'loss': 'squared_hinge', 'tol_linear_svc': 2.1847508019683025e-05}. Best is trial 35 with value: 0.8921735458687682.
2026-05-21 03:47:13,012 - INFO - Trial 92 finished with value: 0.8920578663351657 and parameters: {'n_components': 73, 'algorithm': 'randomized', 'n_iter': 5, 'power_iteration_normalizer': 'auto', 'tol': 4.638975785588359e-06, 'C': 0.8827066263832801, 'loss': 'squared_hinge', 'tol_linear_svc': 1.1540037718415178e-05}. Best is trial 35 with value: 0.8921735458687682.
2026-05-21 03:47:47,465 - INFO - Trial 91 finished with value: 0.8920110736609221 and parameters: {'n_components': 73, 'algorithm': 'randomized', 'n_iter': 12, 'power_iteration_normalizer': 'auto', 'tol': 4.626525743385457e-06, 'C': 5.455253491814253, 'loss': 'squared_hinge', 'tol_linear_svc': 3.9008985075661575e-05}. Best is trial 35 with value: 0.8921735458687682.
2026-05-21 03:48:26,314 - INFO - Trial 93 finished with value: 0.8919557824427926 and parameters: {'n_components': 73, 'algorithm': 'randomized', 'n_iter': 5, 'power_iteration_normalizer': 'auto', 'tol': 4.479066226933213e-06, 'C': 0.7955356119414232, 'loss': 'squared_hinge', 'tol_linear_svc': 4.035993349563228e-05}. Best is trial 35 with value: 0.8921735458687682.
2026-05-21 03:49:19,045 - INFO - Trial 94 finished with value: 0.892136768179976 and parameters: {'n_components': 73, 'algorithm': 'randomized', 'n_iter': 7, 'power_iteration_normalizer': 'auto', 'tol': 0.0002678322026377494, 'C': 0.8103004523194831, 'loss': 'squared_hinge', 'tol_linear_svc': 4.246635399551195e-05}. Best is trial 35 with value: 0.8921735458687682.
2026-05-21 03:50:07,614 - INFO - Trial 95 finished with value: 0.8920306433000025 and parameters: {'n_components': 72, 'algorithm': 'randomized', 'n_iter': 5, 'power_iteration_normalizer': 'LU', 'tol': 1.0002350220369632e-05, 'C': 0.15368034099303945, 'loss': 'squared_hinge', 'tol_linear_svc': 1.2189692605487002e-05}. Best is trial 35 with value: 0.8921735458687682.
2026-05-21 03:50:17,830 - INFO - Trial 98 pruned. 
2026-05-21 03:50:17,871 - INFO - Trial 97 pruned. 
2026-05-21 03:50:42,315 - INFO - Trial 90 finished with value: 0.892075874802232 and parameters: {'n_components': 73, 'algorithm': 'randomized', 'n_iter': 13, 'power_iteration_normalizer': 'auto', 'tol': 0.00026083973457084324, 'C': 74.06208201951239, 'loss': 'squared_hinge', 'tol_linear_svc': 2.1712418840019235e-05}. Best is trial 35 with value: 0.8921735458687682.
2026-05-21 03:51:19,780 - INFO - Trial 99 pruned. 
2026-05-21 03:52:05,272 - INFO - Trial 100 pruned. 
2026-05-21 03:55:20,372 - INFO - Trial 96 finished with value: 0.8920289280630117 and parameters: {'n_components': 73, 'algorithm': 'randomized', 'n_iter': 5, 'power_iteration_normalizer': 'auto', 'tol': 0.0002795828442125347, 'C': 0.7379095132463575, 'loss': 'squared_hinge', 'tol_linear_svc': 1.2028273360070198e-05}. Best is trial 35 with value: 0.8921735458687682.
2026-05-21 03:56:57,501 - INFO - Trial 71 finished with value: 0.8920430052901231 and parameters: {'n_components': 71, 'algorithm': 'randomized', 'n_iter': 10, 'power_iteration_normalizer': 'OR', 'tol': 0.00010185679748908274, 'C': 0.23904951700833443, 'loss': 'squared_hinge', 'tol_linear_svc': 2.768998656977913e-06}. Best is trial 35 with value: 0.8921735458687682.
2026-05-21 03:57:39,357 - INFO - Trial 102 finished with value: 0.891868410622101 and parameters: {'n_components': 73, 'algorithm': 'randomized', 'n_iter': 7, 'power_iteration_normalizer': 'auto', 'tol': 1.0483413548975617e-06, 'C': 1.3607437472293376, 'loss': 'squared_hinge', 'tol_linear_svc': 8.515206033529429e-06}. Best is trial 35 with value: 0.8921735458687682.
2026-05-21 03:58:24,505 - INFO - Trial 74 finished with value: 0.8920574422261384 and parameters: {'n_components': 71, 'algorithm': 'randomized', 'n_iter': 12, 'power_iteration_normalizer': 'OR', 'tol': 1.4893531818988531e-06, 'C': 0.037197891131823334, 'loss': 'squared_hinge', 'tol_linear_svc': 2.3381389463094226e-06}. Best is trial 35 with value: 0.8921735458687682.
2026-05-21 03:58:28,032 - INFO - Trial 104 finished with value: 0.8921477742621615 and parameters: {'n_components': 73, 'algorithm': 'randomized', 'n_iter': 7, 'power_iteration_normalizer': 'auto', 'tol': 0.00014131689172859773, 'C': 65.42794123333248, 'loss': 'squared_hinge', 'tol_linear_svc': 0.0001738749622119278}. Best is trial 35 with value: 0.8921735458687682.
2026-05-21 03:58:36,383 - INFO - Trial 105 finished with value: 0.8920167803604855 and parameters: {'n_components': 65, 'algorithm': 'randomized', 'n_iter': 13, 'power_iteration_normalizer': 'auto', 'tol': 0.00014011844105864607, 'C': 0.47531354487079225, 'loss': 'squared_hinge', 'tol_linear_svc': 1.908404268725546e-05}. Best is trial 35 with value: 0.8921735458687682.
2026-05-21 03:59:10,497 - INFO - Trial 101 finished with value: 0.8919649621245123 and parameters: {'n_components': 73, 'algorithm': 'randomized', 'n_iter': 7, 'power_iteration_normalizer': 'auto', 'tol': 1.0346635591604728e-06, 'C': 0.5338715875704834, 'loss': 'squared_hinge', 'tol_linear_svc': 0.00018033424805737343}. Best is trial 35 with value: 0.8921735458687682.
2026-05-21 04:00:51,665 - INFO - Trial 103 finished with value: 0.8921102405047179 and parameters: {'n_components': 73, 'algorithm': 'randomized', 'n_iter': 7, 'power_iteration_normalizer': 'auto', 'tol': 0.0003218696417997434, 'C': 42.09776429651719, 'loss': 'squared_hinge', 'tol_linear_svc': 7.424575323589868e-05}. Best is trial 35 with value: 0.8921735458687682.
2026-05-21 04:04:15,790 - INFO - Trial 106 finished with value: 0.8919761547961704 and parameters: {'n_components': 74, 'algorithm': 'randomized', 'n_iter': 13, 'power_iteration_normalizer': 'auto', 'tol': 0.0009040157653155501, 'C': 0.05079658533962495, 'loss': 'squared_hinge', 'tol_linear_svc': 8.204192489710363e-05}. Best is trial 35 with value: 0.8921735458687682.
2026-05-21 04:04:26,475 - INFO - Trial 110 finished with value: 0.8919405182385777 and parameters: {'n_components': 65, 'algorithm': 'randomized', 'n_iter': 7, 'power_iteration_normalizer': 'LU', 'tol': 7.251511677372505e-05, 'C': 18.872265462743037, 'loss': 'squared_hinge', 'tol_linear_svc': 0.00024414187148355944}. Best is trial 35 with value: 0.8921735458687682.
2026-05-21 04:05:18,885 - INFO - Trial 107 finished with value: 0.8919730931044537 and parameters: {'n_components': 74, 'algorithm': 'randomized', 'n_iter': 13, 'power_iteration_normalizer': 'LU', 'tol': 1.0431103959480104e-06, 'C': 0.04323700220550264, 'loss': 'squared_hinge', 'tol_linear_svc': 7.451678009475252e-05}. Best is trial 35 with value: 0.8921735458687682.
2026-05-21 04:05:34,447 - INFO - Trial 72 finished with value: 0.8919942108157433 and parameters: {'n_components': 71, 'algorithm': 'randomized', 'n_iter': 10, 'power_iteration_normalizer': 'OR', 'tol': 7.96108118327853e-05, 'C': 0.18405711627713608, 'loss': 'squared_hinge', 'tol_linear_svc': 0.00010881911990058499}. Best is trial 35 with value: 0.8921735458687682.
2026-05-21 04:06:08,086 - INFO - Trial 76 finished with value: 0.8920434703730615 and parameters: {'n_components': 71, 'algorithm': 'randomized', 'n_iter': 12, 'power_iteration_normalizer': 'OR', 'tol': 1.4717895145743007e-06, 'C': 0.20286467369864672, 'loss': 'squared_hinge', 'tol_linear_svc': 3.235285053096275e-05}. Best is trial 35 with value: 0.8921735458687682.
2026-05-21 04:06:17,442 - INFO - Trial 109 finished with value: 0.8919416654442494 and parameters: {'n_components': 65, 'algorithm': 'randomized', 'n_iter': 13, 'power_iteration_normalizer': 'LU', 'tol': 0.0001512313102219442, 'C': 0.013359059549032623, 'loss': 'squared_hinge', 'tol_linear_svc': 1.7726208502711898e-05}. Best is trial 35 with value: 0.8921735458687682.
2026-05-21 04:07:51,578 - INFO - Trial 108 finished with value: 0.8922651583859675 and parameters: {'n_components': 75, 'algorithm': 'randomized', 'n_iter': 13, 'power_iteration_normalizer': 'LU', 'tol': 0.00013141482794734764, 'C': 0.47270366930575447, 'loss': 'squared_hinge', 'tol_linear_svc': 1.8479517614754465e-05}. Best is trial 108 with value: 0.8922651583859675.
2026-05-21 04:10:18,462 - INFO - Trial 112 finished with value: 0.8921575013854524 and parameters: {'n_components': 74, 'algorithm': 'randomized', 'n_iter': 13, 'power_iteration_normalizer': 'LU', 'tol': 7.145682555624319e-05, 'C': 85.22720777845569, 'loss': 'squared_hinge', 'tol_linear_svc': 7.793768576887423e-05}. Best is trial 108 with value: 0.8922651583859675.
2026-05-21 04:10:56,389 - INFO - Trial 113 finished with value: 0.892232620371382 and parameters: {'n_components': 75, 'algorithm': 'randomized', 'n_iter': 8, 'power_iteration_normalizer': 'LU', 'tol': 0.00017125845042951054, 'C': 23.52904219347535, 'loss': 'squared_hinge', 'tol_linear_svc': 7.96481049584661e-05}. Best is trial 108 with value: 0.8922651583859675.
2026-05-21 04:11:14,552 - INFO - Trial 115 finished with value: 0.8920176969131353 and parameters: {'n_components': 69, 'algorithm': 'randomized', 'n_iter': 8, 'power_iteration_normalizer': 'LU', 'tol': 0.0001519597733496263, 'C': 95.93236424446525, 'loss': 'squared_hinge', 'tol_linear_svc': 7.964985744246064e-05}. Best is trial 108 with value: 0.8922651583859675.
2026-05-21 04:12:25,996 - INFO - Trial 77 finished with value: 0.8921639764850042 and parameters: {'n_components': 72, 'algorithm': 'randomized', 'n_iter': 12, 'power_iteration_normalizer': 'OR', 'tol': 1.2839538985128577e-06, 'C': 0.2792174971906108, 'loss': 'squared_hinge', 'tol_linear_svc': 2.8009376744752093e-05}. Best is trial 108 with value: 0.8922651583859675.
2026-05-21 04:12:48,154 - INFO - Trial 116 finished with value: 0.8918900549099222 and parameters: {'n_components': 69, 'algorithm': 'randomized', 'n_iter': 8, 'power_iteration_normalizer': 'LU', 'tol': 0.00018568772754021262, 'C': 97.26729249539038, 'loss': 'squared_hinge', 'tol_linear_svc': 0.00012265599784765888}. Best is trial 108 with value: 0.8922651583859675.
2026-05-21 04:12:55,134 - INFO - Trial 114 finished with value: 0.8920780907705886 and parameters: {'n_components': 75, 'algorithm': 'randomized', 'n_iter': 8, 'power_iteration_normalizer': 'LU', 'tol': 0.0001646916278375106, 'C': 28.562227033053006, 'loss': 'squared_hinge', 'tol_linear_svc': 0.0004170481208602218}. Best is trial 108 with value: 0.8922651583859675.
2026-05-21 04:12:57,854 - INFO - Trial 117 finished with value: 0.8918665994700804 and parameters: {'n_components': 69, 'algorithm': 'randomized', 'n_iter': 8, 'power_iteration_normalizer': 'LU', 'tol': 0.00017181051849365648, 'C': 18.12713108477074, 'loss': 'squared_hinge', 'tol_linear_svc': 4.620229104093242e-05}. Best is trial 108 with value: 0.8922651583859675.
2026-05-21 04:13:30,368 - INFO - Trial 119 finished with value: 0.8921030505257319 and parameters: {'n_components': 69, 'algorithm': 'randomized', 'n_iter': 8, 'power_iteration_normalizer': 'LU', 'tol': 0.00019910537552938923, 'C': 44.21403558806048, 'loss': 'squared_hinge', 'tol_linear_svc': 5.048044299938519e-05}. Best is trial 108 with value: 0.8922651583859675.
2026-05-21 04:13:32,670 - INFO - Trial 118 finished with value: 0.8917559897636149 and parameters: {'n_components': 69, 'algorithm': 'randomized', 'n_iter': 8, 'power_iteration_normalizer': 'LU', 'tol': 2.056834560016234e-06, 'C': 72.4537329621245, 'loss': 'squared_hinge', 'tol_linear_svc': 4.793145913336839e-05}. Best is trial 108 with value: 0.8922651583859675.
2026-05-21 04:13:58,376 - INFO - Trial 111 finished with value: 0.892182565867589 and parameters: {'n_components': 75, 'algorithm': 'randomized', 'n_iter': 8, 'power_iteration_normalizer': 'LU', 'tol': 6.77995394385074e-05, 'C': 31.68093153468772, 'loss': 'squared_hinge', 'tol_linear_svc': 8.68713049373994e-05}. Best is trial 108 with value: 0.8922651583859675.
2026-05-21 04:16:21,438 - INFO - Trial 120 finished with value: 0.8920910476660845 and parameters: {'n_components': 69, 'algorithm': 'randomized', 'n_iter': 8, 'power_iteration_normalizer': 'LU', 'tol': 0.00018524534105199405, 'C': 71.00862692494694, 'loss': 'squared_hinge', 'tol_linear_svc': 4.95308176377833e-05}. Best is trial 108 with value: 0.8922651583859675.
2026-05-21 04:17:12,093 - INFO - Trial 128 pruned. 
2026-05-21 04:18:04,416 - INFO - Trial 121 finished with value: 0.8920224454608284 and parameters: {'n_components': 69, 'algorithm': 'randomized', 'n_iter': 8, 'power_iteration_normalizer': 'LU', 'tol': 0.00017234592859317768, 'C': 75.62663015752786, 'loss': 'squared_hinge', 'tol_linear_svc': 0.0001358721901420836}. Best is trial 108 with value: 0.8922651583859675.
2026-05-21 04:18:52,292 - INFO - Trial 122 finished with value: 0.8921116645277964 and parameters: {'n_components': 75, 'algorithm': 'randomized', 'n_iter': 8, 'power_iteration_normalizer': 'LU', 'tol': 0.0001787332733077175, 'C': 66.81101355211135, 'loss': 'squared_hinge', 'tol_linear_svc': 0.00043717499176509016}. Best is trial 108 with value: 0.8922651583859675.
2026-05-21 04:20:41,123 - INFO - Trial 123 finished with value: 0.8921148080162616 and parameters: {'n_components': 75, 'algorithm': 'randomized', 'n_iter': 8, 'power_iteration_normalizer': 'LU', 'tol': 0.00019279089842475, 'C': 26.868894283597864, 'loss': 'squared_hinge', 'tol_linear_svc': 4.175253154762192e-05}. Best is trial 108 with value: 0.8922651583859675.
2026-05-21 04:21:06,402 - INFO - Trial 124 finished with value: 0.8920837903679273 and parameters: {'n_components': 75, 'algorithm': 'randomized', 'n_iter': 8, 'power_iteration_normalizer': 'auto', 'tol': 2.09275570223916e-06, 'C': 42.52858942455925, 'loss': 'squared_hinge', 'tol_linear_svc': 0.0001404773717106887}. Best is trial 108 with value: 0.8922651583859675.
2026-05-21 04:21:25,338 - INFO - Trial 69 finished with value: 0.8920411238642828 and parameters: {'n_components': 72, 'algorithm': 'randomized', 'n_iter': 10, 'power_iteration_normalizer': 'OR', 'tol': 0.00010225976369469823, 'C': 6.891439318034818, 'loss': 'squared_hinge', 'tol_linear_svc': 0.00010283836947356633}. Best is trial 108 with value: 0.8922651583859675.
2026-05-21 04:22:20,171 - INFO - Trial 129 finished with value: 0.8921914516131647 and parameters: {'n_components': 75, 'algorithm': 'randomized', 'n_iter': 6, 'power_iteration_normalizer': 'auto', 'tol': 0.00012996596984419327, 'C': 12.613018714758745, 'loss': 'squared_hinge', 'tol_linear_svc': 0.0001476431164955186}. Best is trial 108 with value: 0.8922651583859675.
2026-05-21 04:22:34,392 - INFO - Trial 125 finished with value: 0.8922047882901534 and parameters: {'n_components': 75, 'algorithm': 'randomized', 'n_iter': 6, 'power_iteration_normalizer': 'auto', 'tol': 2.0672237951403583e-06, 'C': 46.95177113954063, 'loss': 'squared_hinge', 'tol_linear_svc': 4.587507068018577e-05}. Best is trial 108 with value: 0.8922651583859675.
2026-05-21 04:23:05,066 - INFO - Trial 126 finished with value: 0.8920510718218612 and parameters: {'n_components': 75, 'algorithm': 'randomized', 'n_iter': 6, 'power_iteration_normalizer': 'auto', 'tol': 1.9908661800670316e-06, 'C': 41.80254996152597, 'loss': 'squared_hinge', 'tol_linear_svc': 4.2969599249508015e-05}. Best is trial 108 with value: 0.8922651583859675.
2026-05-21 04:23:12,506 - INFO - Trial 131 finished with value: 0.8920663757098343 and parameters: {'n_components': 75, 'algorithm': 'randomized', 'n_iter': 6, 'power_iteration_normalizer': 'LU', 'tol': 4.7730391017613456e-05, 'C': 32.34116531186355, 'loss': 'squared_hinge', 'tol_linear_svc': 0.00017947499096467693}. Best is trial 108 with value: 0.8922651583859675.
2026-05-21 04:23:20,627 - INFO - Trial 130 finished with value: 0.8920063765707518 and parameters: {'n_components': 75, 'algorithm': 'randomized', 'n_iter': 9, 'power_iteration_normalizer': 'LU', 'tol': 4.0130403096708224e-05, 'C': 30.130410794133805, 'loss': 'squared_hinge', 'tol_linear_svc': 0.00014377834971648502}. Best is trial 108 with value: 0.8922651583859675.
2026-05-21 04:25:02,266 - INFO - Trial 127 finished with value: 0.8919581693924739 and parameters: {'n_components': 75, 'algorithm': 'randomized', 'n_iter': 6, 'power_iteration_normalizer': 'auto', 'tol': 0.00035698275189338235, 'C': 50.00319677135024, 'loss': 'squared_hinge', 'tol_linear_svc': 0.00019970346103778794}. Best is trial 108 with value: 0.8922651583859675.
2026-05-21 04:25:46,919 - INFO - Trial 132 finished with value: 0.8920336710994491 and parameters: {'n_components': 75, 'algorithm': 'randomized', 'n_iter': 9, 'power_iteration_normalizer': 'LU', 'tol': 3.474379981669028e-05, 'C': 41.45052987322316, 'loss': 'squared_hinge', 'tol_linear_svc': 0.00021329780520610038}. Best is trial 108 with value: 0.8922651583859675.
2026-05-21 04:27:13,724 - INFO - Trial 133 finished with value: 0.8922342615344725 and parameters: {'n_components': 75, 'algorithm': 'randomized', 'n_iter': 9, 'power_iteration_normalizer': 'LU', 'tol': 3.899366557043316e-05, 'C': 29.836379108585795, 'loss': 'squared_hinge', 'tol_linear_svc': 0.00022358087921906016}. Best is trial 108 with value: 0.8922651583859675.
2026-05-21 04:27:47,209 - INFO - Trial 134 finished with value: 0.8921809079279871 and parameters: {'n_components': 75, 'algorithm': 'randomized', 'n_iter': 9, 'power_iteration_normalizer': 'LU', 'tol': 0.001847361957355094, 'C': 50.03773283274635, 'loss': 'squared_hinge', 'tol_linear_svc': 0.0008768630187456938}. Best is trial 108 with value: 0.8922651583859675.
2026-05-21 04:29:22,002 - INFO - Trial 135 finished with value: 0.8918992972073948 and parameters: {'n_components': 72, 'algorithm': 'randomized', 'n_iter': 9, 'power_iteration_normalizer': 'LU', 'tol': 1.7542202176294999e-06, 'C': 39.160346557004715, 'loss': 'squared_hinge', 'tol_linear_svc': 2.6242183819432183e-05}. Best is trial 108 with value: 0.8922651583859675.
2026-05-21 04:30:08,285 - INFO - Trial 136 finished with value: 0.8920422794342446 and parameters: {'n_components': 72, 'algorithm': 'randomized', 'n_iter': 9, 'power_iteration_normalizer': 'LU', 'tol': 3.681834242521123e-05, 'C': 10.718512235640274, 'loss': 'squared_hinge', 'tol_linear_svc': 3.5879825848984826e-05}. Best is trial 108 with value: 0.8922651583859675.
2026-05-21 04:30:30,150 - INFO - Trial 138 finished with value: 0.8920982872196696 and parameters: {'n_components': 72, 'algorithm': 'randomized', 'n_iter': 6, 'power_iteration_normalizer': 'LU', 'tol': 1.249692262080495e-06, 'C': 9.433338330141067, 'loss': 'squared_hinge', 'tol_linear_svc': 0.00026598390742352447}. Best is trial 108 with value: 0.8922651583859675.
2026-05-21 04:30:30,151 - INFO - Trial 137 finished with value: 0.8920112944641142 and parameters: {'n_components': 72, 'algorithm': 'randomized', 'n_iter': 9, 'power_iteration_normalizer': 'LU', 'tol': 0.00012534388854029295, 'C': 10.88500865566391, 'loss': 'squared_hinge', 'tol_linear_svc': 3.63715106508542e-05}. Best is trial 108 with value: 0.8922651583859675.
2026-05-21 04:31:09,839 - INFO - Trial 139 finished with value: 0.8920082288136257 and parameters: {'n_components': 72, 'algorithm': 'randomized', 'n_iter': 9, 'power_iteration_normalizer': 'auto', 'tol': 4.010931879583014e-05, 'C': 2.994458560621014, 'loss': 'squared_hinge', 'tol_linear_svc': 3.261466784447052e-05}. Best is trial 108 with value: 0.8922651583859675.
2026-05-21 04:31:21,034 - INFO - Trial 142 finished with value: 0.8921490828807951 and parameters: {'n_components': 72, 'algorithm': 'randomized', 'n_iter': 9, 'power_iteration_normalizer': 'auto', 'tol': 0.002345025871836798, 'C': 0.005478023421441004, 'loss': 'squared_hinge', 'tol_linear_svc': 3.354055003339117e-05}. Best is trial 108 with value: 0.8922651583859675.
2026-05-21 04:32:02,918 - INFO - Trial 141 finished with value: 0.8920336932340586 and parameters: {'n_components': 72, 'algorithm': 'randomized', 'n_iter': 9, 'power_iteration_normalizer': 'auto', 'tol': 5.985496837464106e-05, 'C': 10.721203077713312, 'loss': 'squared_hinge', 'tol_linear_svc': 3.3829114138902225e-05}. Best is trial 108 with value: 0.8922651583859675.
2026-05-21 04:33:12,658 - INFO - Trial 140 finished with value: 0.8921707140253099 and parameters: {'n_components': 72, 'algorithm': 'randomized', 'n_iter': 9, 'power_iteration_normalizer': 'auto', 'tol': 4.3490240167414736e-05, 'C': 10.473002398819471, 'loss': 'squared_hinge', 'tol_linear_svc': 0.0002560927179062585}. Best is trial 108 with value: 0.8922651583859675.
2026-05-21 04:33:55,280 - INFO - Trial 151 pruned. 
2026-05-21 04:34:12,349 - INFO - Trial 144 finished with value: 0.8921716080274822 and parameters: {'n_components': 72, 'algorithm': 'randomized', 'n_iter': 7, 'power_iteration_normalizer': 'auto', 'tol': 0.00012293319578829203, 'C': 10.859517263579388, 'loss': 'squared_hinge', 'tol_linear_svc': 9.061290788132737e-05}. Best is trial 108 with value: 0.8922651583859675.
2026-05-21 04:34:20,678 - INFO - Trial 143 finished with value: 0.8921512394793547 and parameters: {'n_components': 72, 'algorithm': 'randomized', 'n_iter': 7, 'power_iteration_normalizer': 'auto', 'tol': 6.496400457043009e-05, 'C': 13.231496599337532, 'loss': 'squared_hinge', 'tol_linear_svc': 2.8474972078703084e-05}. Best is trial 108 with value: 0.8922651583859675.
2026-05-21 04:34:31,007 - INFO - Trial 145 finished with value: 0.8920263424181002 and parameters: {'n_components': 72, 'algorithm': 'randomized', 'n_iter': 7, 'power_iteration_normalizer': 'auto', 'tol': 5.884720932738714e-05, 'C': 11.719741218866378, 'loss': 'squared_hinge', 'tol_linear_svc': 0.00036541686001570646}. Best is trial 108 with value: 0.8922651583859675.
2026-05-21 04:36:39,920 - INFO - Trial 147 finished with value: 0.8918996621713451 and parameters: {'n_components': 72, 'algorithm': 'randomized', 'n_iter': 7, 'power_iteration_normalizer': 'auto', 'tol': 5.945684636695922e-05, 'C': 12.206294459288205, 'loss': 'squared_hinge', 'tol_linear_svc': 0.000622107427812667}. Best is trial 108 with value: 0.8922651583859675.
2026-05-21 04:37:01,770 - INFO - Trial 148 finished with value: 0.8920712530382022 and parameters: {'n_components': 72, 'algorithm': 'randomized', 'n_iter': 7, 'power_iteration_normalizer': 'auto', 'tol': 0.0023262967458405268, 'C': 16.29139198896658, 'loss': 'squared_hinge', 'tol_linear_svc': 0.001440136155468706}. Best is trial 108 with value: 0.8922651583859675.
2026-05-21 04:37:13,570 - INFO - Trial 146 finished with value: 0.892071653098294 and parameters: {'n_components': 72, 'algorithm': 'randomized', 'n_iter': 7, 'power_iteration_normalizer': 'auto', 'tol': 0.00012156512894033826, 'C': 3.4880643489012555, 'loss': 'squared_hinge', 'tol_linear_svc': 0.00031909444070005774}. Best is trial 108 with value: 0.8922651583859675.
2026-05-21 04:37:26,395 - INFO - Trial 150 finished with value: 0.8919141716780412 and parameters: {'n_components': 73, 'algorithm': 'randomized', 'n_iter': 7, 'power_iteration_normalizer': 'auto', 'tol': 0.005972801568865705, 'C': 18.7457938680906, 'loss': 'squared_hinge', 'tol_linear_svc': 0.002328429624210416}. Best is trial 108 with value: 0.8922651583859675.
2026-05-21 04:38:10,120 - INFO - Trial 149 finished with value: 0.8921499205200358 and parameters: {'n_components': 73, 'algorithm': 'randomized', 'n_iter': 7, 'power_iteration_normalizer': 'auto', 'tol': 0.0016823231247617852, 'C': 17.608651897660703, 'loss': 'squared_hinge', 'tol_linear_svc': 0.0008060557304852844}. Best is trial 108 with value: 0.8922651583859675.
2026-05-21 04:39:13,455 - INFO - Trial 153 finished with value: 0.8921705679916261 and parameters: {'n_components': 73, 'algorithm': 'randomized', 'n_iter': 7, 'power_iteration_normalizer': 'auto', 'tol': 0.0058851623323174194, 'C': 16.04875198202355, 'loss': 'squared_hinge', 'tol_linear_svc': 0.0036777228684143526}. Best is trial 108 with value: 0.8922651583859675.
2026-05-21 04:39:58,335 - INFO - Trial 152 finished with value: 0.8921768746832385 and parameters: {'n_components': 73, 'algorithm': 'randomized', 'n_iter': 7, 'power_iteration_normalizer': 'auto', 'tol': 0.0021279109607441763, 'C': 22.843472938493818, 'loss': 'squared_hinge', 'tol_linear_svc': 0.00271477369449641}. Best is trial 108 with value: 0.8922651583859675.
2026-05-21 04:40:32,529 - INFO - Trial 156 finished with value: 0.8919634787849761 and parameters: {'n_components': 70, 'algorithm': 'randomized', 'n_iter': 9, 'power_iteration_normalizer': 'auto', 'tol': 0.0013702554853991984, 'C': 0.0050452722738551425, 'loss': 'squared_hinge', 'tol_linear_svc': 0.00031295762536838603}. Best is trial 108 with value: 0.8922651583859675.
2026-05-21 04:40:40,076 - INFO - Trial 154 finished with value: 0.8919874110633597 and parameters: {'n_components': 71, 'algorithm': 'randomized', 'n_iter': 9, 'power_iteration_normalizer': 'auto', 'tol': 0.004685840281571573, 'C': 19.78800774675919, 'loss': 'squared_hinge', 'tol_linear_svc': 9.465585832545342e-05}. Best is trial 108 with value: 0.8922651583859675.
2026-05-21 04:41:08,908 - INFO - Trial 155 finished with value: 0.8920524496126896 and parameters: {'n_components': 70, 'algorithm': 'randomized', 'n_iter': 9, 'power_iteration_normalizer': 'auto', 'tol': 0.002231666305331879, 'C': 15.192764553979032, 'loss': 'squared_hinge', 'tol_linear_svc': 0.0008022207025926466}. Best is trial 108 with value: 0.8922651583859675.
2026-05-21 04:41:35,312 - INFO - Trial 159 finished with value: 0.8911465721122263 and parameters: {'n_components': 70, 'algorithm': 'randomized', 'n_iter': 4, 'power_iteration_normalizer': 'OR', 'tol': 2.8214169408872707e-05, 'C': 24.330095265579345, 'loss': 'squared_hinge', 'tol_linear_svc': 0.001344879773435757}. Best is trial 108 with value: 0.8922651583859675.
2026-05-21 04:44:07,511 - INFO - Trial 165 finished with value: 0.8920372241260628 and parameters: {'n_components': 70, 'algorithm': 'randomized', 'n_iter': 6, 'power_iteration_normalizer': 'OR', 'tol': 0.0067345136529527085, 'C': 4.704499839261695, 'loss': 'squared_hinge', 'tol_linear_svc': 0.0039565135062534715}. Best is trial 108 with value: 0.8922651583859675.
2026-05-21 04:44:41,425 - INFO - Trial 164 finished with value: 0.8920615747025232 and parameters: {'n_components': 70, 'algorithm': 'randomized', 'n_iter': 6, 'power_iteration_normalizer': 'OR', 'tol': 8.015763153109601e-05, 'C': 7.942432737980606, 'loss': 'squared_hinge', 'tol_linear_svc': 0.003711527738964258}. Best is trial 108 with value: 0.8922651583859675.
2026-05-21 04:45:45,933 - INFO - Trial 167 finished with value: 0.8920000007435588 and parameters: {'n_components': 74, 'algorithm': 'randomized', 'n_iter': 6, 'power_iteration_normalizer': 'OR', 'tol': 2.8409818307271708e-05, 'C': 7.724051997717772, 'loss': 'squared_hinge', 'tol_linear_svc': 0.004179909149432029}. Best is trial 108 with value: 0.8922651583859675.
2026-05-21 04:47:15,309 - INFO - Trial 168 finished with value: 0.8920605884923125 and parameters: {'n_components': 74, 'algorithm': 'randomized', 'n_iter': 6, 'power_iteration_normalizer': 'OR', 'tol': 0.003461582847181448, 'C': 7.372352684689758, 'loss': 'squared_hinge', 'tol_linear_svc': 0.0036037710400377617}. Best is trial 108 with value: 0.8922651583859675.
2026-05-21 04:47:27,223 - INFO - Trial 166 finished with value: 0.8920166837093181 and parameters: {'n_components': 74, 'algorithm': 'randomized', 'n_iter': 6, 'power_iteration_normalizer': 'OR', 'tol': 0.004177335571818771, 'C': 7.470140069610918, 'loss': 'squared_hinge', 'tol_linear_svc': 0.004009591982615148}. Best is trial 108 with value: 0.8922651583859675.
2026-05-21 04:49:35,427 - INFO - Trial 170 finished with value: 0.892073684694554 and parameters: {'n_components': 74, 'algorithm': 'randomized', 'n_iter': 6, 'power_iteration_normalizer': 'LU', 'tol': 0.00892985068766715, 'C': 7.249072218822742, 'loss': 'squared_hinge', 'tol_linear_svc': 0.0034374985502106004}. Best is trial 108 with value: 0.8922651583859675.
2026-05-21 04:50:00,873 - INFO - Trial 160 finished with value: 0.8921225918788277 and parameters: {'n_components': 70, 'algorithm': 'randomized', 'n_iter': 4, 'power_iteration_normalizer': 'OR', 'tol': 0.00640091818727525, 'C': 23.685510805059533, 'loss': 'squared_hinge', 'tol_linear_svc': 9.183559258629857e-05}. Best is trial 108 with value: 0.8922651583859675.
2026-05-21 04:50:33,571 - INFO - Trial 163 finished with value: 0.8917964100462206 and parameters: {'n_components': 70, 'algorithm': 'randomized', 'n_iter': 6, 'power_iteration_normalizer': 'OR', 'tol': 8.227397593823945e-05, 'C': 4.632521604040896, 'loss': 'squared_hinge', 'tol_linear_svc': 0.0010494571037936288}. Best is trial 108 with value: 0.8922651583859675.
2026-05-21 04:50:44,313 - INFO - Trial 171 finished with value: 0.8920032496019841 and parameters: {'n_components': 74, 'algorithm': 'randomized', 'n_iter': 6, 'power_iteration_normalizer': 'LU', 'tol': 0.003607699407118924, 'C': 55.7826109531186, 'loss': 'squared_hinge', 'tol_linear_svc': 0.003958422336261996}. Best is trial 108 with value: 0.8922651583859675.
2026-05-21 04:50:45,130 - INFO - Trial 172 finished with value: 0.8920307092656561 and parameters: {'n_components': 74, 'algorithm': 'randomized', 'n_iter': 6, 'power_iteration_normalizer': 'auto', 'tol': 1.6535954826579588e-05, 'C': 28.44177885761537, 'loss': 'squared_hinge', 'tol_linear_svc': 0.002692037253715365}. Best is trial 108 with value: 0.8922651583859675.
2026-05-21 04:55:25,878 - INFO - Trial 175 finished with value: 0.8919092008944831 and parameters: {'n_components': 67, 'algorithm': 'randomized', 'n_iter': 7, 'power_iteration_normalizer': 'auto', 'tol': 7.603275421071417e-05, 'C': 26.003748544406772, 'loss': 'squared_hinge', 'tol_linear_svc': 0.006420944622441732}. Best is trial 108 with value: 0.8922651583859675.
2026-05-21 04:55:37,432 - INFO - Trial 161 finished with value: 0.892222386988276 and parameters: {'n_components': 74, 'algorithm': 'randomized', 'n_iter': 4, 'power_iteration_normalizer': 'OR', 'tol': 7.35009770354357e-05, 'C': 22.85376342623792, 'loss': 'squared_hinge', 'tol_linear_svc': 8.793008179339185e-05}. Best is trial 108 with value: 0.8922651583859675.
2026-05-21 04:55:49,850 - INFO - Trial 174 finished with value: 0.8921170201826725 and parameters: {'n_components': 74, 'algorithm': 'randomized', 'n_iter': 14, 'power_iteration_normalizer': 'auto', 'tol': 1.7704633429646404e-05, 'C': 26.45064630284291, 'loss': 'squared_hinge', 'tol_linear_svc': 0.007007877371455166}. Best is trial 108 with value: 0.8922651583859675.
2026-05-21 04:56:25,797 - INFO - Trial 173 finished with value: 0.8920074314636383 and parameters: {'n_components': 74, 'algorithm': 'randomized', 'n_iter': 14, 'power_iteration_normalizer': 'auto', 'tol': 7.100466803941724e-05, 'C': 25.651283776107785, 'loss': 'squared_hinge', 'tol_linear_svc': 0.00011280979490152557}. Best is trial 108 with value: 0.8922651583859675.
2026-05-21 04:57:15,178 - INFO - Trial 178 finished with value: 0.8920345645394459 and parameters: {'n_components': 67, 'algorithm': 'randomized', 'n_iter': 8, 'power_iteration_normalizer': 'auto', 'tol': 6.2567530695755435e-06, 'C': 0.32952203600135854, 'loss': 'squared_hinge', 'tol_linear_svc': 2.818331082347562e-05}. Best is trial 108 with value: 0.8922651583859675.
2026-05-21 04:57:59,368 - INFO - Trial 176 finished with value: 0.8921262322731692 and parameters: {'n_components': 74, 'algorithm': 'randomized', 'n_iter': 14, 'power_iteration_normalizer': 'auto', 'tol': 1.7896746876967105e-05, 'C': 50.53145899770454, 'loss': 'squared_hinge', 'tol_linear_svc': 0.007495187308891414}. Best is trial 108 with value: 0.8922651583859675.
2026-05-21 04:59:04,997 - INFO - Trial 181 pruned. 
2026-05-21 05:01:22,924 - INFO - Trial 182 finished with value: 0.8920837263465502 and parameters: {'n_components': 75, 'algorithm': 'randomized', 'n_iter': 3, 'power_iteration_normalizer': 'auto', 'tol': 5.0224332553758456e-05, 'C': 0.35682984329510375, 'loss': 'squared_hinge', 'tol_linear_svc': 0.009525332812134673}. Best is trial 108 with value: 0.8922651583859675.
2026-05-21 05:01:56,765 - INFO - Trial 177 finished with value: 0.8921942819801295 and parameters: {'n_components': 75, 'algorithm': 'randomized', 'n_iter': 14, 'power_iteration_normalizer': 'auto', 'tol': 0.0007970694474579885, 'C': 52.27659230179346, 'loss': 'squared_hinge', 'tol_linear_svc': 6.864148827432514e-05}. Best is trial 108 with value: 0.8922651583859675.
2026-05-21 05:02:06,529 - INFO - Trial 179 finished with value: 0.8920719202623987 and parameters: {'n_components': 75, 'algorithm': 'randomized', 'n_iter': 14, 'power_iteration_normalizer': 'auto', 'tol': 6.397566593098016e-06, 'C': 23.534043490962944, 'loss': 'squared_hinge', 'tol_linear_svc': 6.784583990991112e-05}. Best is trial 108 with value: 0.8922651583859675.
2026-05-21 05:03:47,994 - INFO - Trial 183 finished with value: 0.8920149144894648 and parameters: {'n_components': 75, 'algorithm': 'randomized', 'n_iter': 8, 'power_iteration_normalizer': 'auto', 'tol': 6.5930974132637985e-06, 'C': 0.0017389002780430532, 'loss': 'squared_hinge', 'tol_linear_svc': 6.535952952052302e-05}. Best is trial 108 with value: 0.8922651583859675.
2026-05-21 05:05:15,240 - INFO - Trial 180 finished with value: 0.8921696938042001 and parameters: {'n_components': 75, 'algorithm': 'randomized', 'n_iter': 14, 'power_iteration_normalizer': 'auto', 'tol': 6.058595182718888e-06, 'C': 0.33487050425029, 'loss': 'squared_hinge', 'tol_linear_svc': 7.382921877166699e-05}. Best is trial 108 with value: 0.8922651583859675.
2026-05-21 05:06:14,107 - INFO - Trial 158 finished with value: 0.8921365309853597 and parameters: {'n_components': 74, 'algorithm': 'randomized', 'n_iter': 6, 'power_iteration_normalizer': 'OR', 'tol': 8.177059417352211e-05, 'C': 21.720124589353663, 'loss': 'squared_hinge', 'tol_linear_svc': 0.0007089049818874294}. Best is trial 108 with value: 0.8922651583859675.
2026-05-21 05:06:51,465 - INFO - Trial 186 finished with value: 0.8920438751046662 and parameters: {'n_components': 73, 'algorithm': 'randomized', 'n_iter': 8, 'power_iteration_normalizer': 'LU', 'tol': 6.744845320646802e-05, 'C': 99.28754391688753, 'loss': 'squared_hinge', 'tol_linear_svc': 6.052773301828761e-05}. Best is trial 108 with value: 0.8922651583859675.
2026-05-21 05:07:56,754 - INFO - Trial 184 finished with value: 0.8920019904450633 and parameters: {'n_components': 75, 'algorithm': 'randomized', 'n_iter': 3, 'power_iteration_normalizer': 'LU', 'tol': 4.6322195196753795e-05, 'C': 34.869096998690296, 'loss': 'squared_hinge', 'tol_linear_svc': 5.958792123892074e-05}. Best is trial 108 with value: 0.8922651583859675.
2026-05-21 05:08:23,837 - INFO - Trial 187 finished with value: 0.8920997452287066 and parameters: {'n_components': 75, 'algorithm': 'randomized', 'n_iter': 3, 'power_iteration_normalizer': 'LU', 'tol': 6.970944793016729e-05, 'C': 0.0019358081914651315, 'loss': 'squared_hinge', 'tol_linear_svc': 7.651991395564159e-05}. Best is trial 108 with value: 0.8922651583859675.
2026-05-21 05:08:26,976 - INFO - Trial 190 pruned. 
2026-05-21 05:10:02,896 - INFO - Trial 185 finished with value: 0.8921630224421273 and parameters: {'n_components': 75, 'algorithm': 'randomized', 'n_iter': 3, 'power_iteration_normalizer': 'LU', 'tol': 4.75766433467995e-05, 'C': 37.33686228486732, 'loss': 'squared_hinge', 'tol_linear_svc': 6.64482046463302e-05}. Best is trial 108 with value: 0.8922651583859675.
2026-05-21 05:10:54,696 - INFO - Trial 188 finished with value: 0.8920866576591321 and parameters: {'n_components': 75, 'algorithm': 'randomized', 'n_iter': 13, 'power_iteration_normalizer': 'LU', 'tol': 0.0026688171471616487, 'C': 0.0016127402651157814, 'loss': 'squared_hinge', 'tol_linear_svc': 7.589093838688495e-05}. Best is trial 108 with value: 0.8922651583859675.
2026-05-21 05:13:01,177 - INFO - Trial 157 finished with value: 0.8920332128333008 and parameters: {'n_components': 70, 'algorithm': 'randomized', 'n_iter': 7, 'power_iteration_normalizer': 'OR', 'tol': 7.724511536882136e-05, 'C': 15.392119593523667, 'loss': 'squared_hinge', 'tol_linear_svc': 8.336649369822744e-05}. Best is trial 108 with value: 0.8922651583859675.
2026-05-21 05:13:30,483 - INFO - Trial 189 finished with value: 0.8920173305467805 and parameters: {'n_components': 75, 'algorithm': 'randomized', 'n_iter': 13, 'power_iteration_normalizer': 'LU', 'tol': 0.0028706030332730555, 'C': 35.525212844710595, 'loss': 'squared_hinge', 'tol_linear_svc': 8.552905759279898e-05}. Best is trial 108 with value: 0.8922651583859675.
2026-05-21 05:14:24,294 - INFO - Trial 191 finished with value: 0.8920281602280221 and parameters: {'n_components': 73, 'algorithm': 'randomized', 'n_iter': 13, 'power_iteration_normalizer': 'auto', 'tol': 0.000819235254972695, 'C': 98.61743380840608, 'loss': 'squared_hinge', 'tol_linear_svc': 8.170562224424073e-05}. Best is trial 108 with value: 0.8922651583859675.
2026-05-21 05:15:18,224 - INFO - Trial 192 finished with value: 0.8921511791939281 and parameters: {'n_components': 73, 'algorithm': 'randomized', 'n_iter': 13, 'power_iteration_normalizer': 'LU', 'tol': 0.0008314051410593353, 'C': 55.204154922657686, 'loss': 'squared_hinge', 'tol_linear_svc': 8.66050611386229e-05}. Best is trial 108 with value: 0.8922651583859675.
2026-05-21 05:16:51,806 - INFO - Trial 197 finished with value: 0.8921727623176562 and parameters: {'n_components': 73, 'algorithm': 'randomized', 'n_iter': 4, 'power_iteration_normalizer': 'auto', 'tol': 0.0007449772942177478, 'C': 55.21858953919262, 'loss': 'squared_hinge', 'tol_linear_svc': 8.197806782425063e-05}. Best is trial 108 with value: 0.8922651583859675.
2026-05-21 05:16:52,062 - INFO - Trial 196 finished with value: 0.8921155329699119 and parameters: {'n_components': 73, 'algorithm': 'randomized', 'n_iter': 15, 'power_iteration_normalizer': 'auto', 'tol': 0.0007012185862251222, 'C': 54.77374352475357, 'loss': 'squared_hinge', 'tol_linear_svc': 7.051976957873964e-05}. Best is trial 108 with value: 0.8922651583859675.
2026-05-21 05:17:30,807 - INFO - Trial 193 finished with value: 0.8921470711524545 and parameters: {'n_components': 73, 'algorithm': 'randomized', 'n_iter': 15, 'power_iteration_normalizer': 'auto', 'tol': 0.0010780659742191938, 'C': 34.64344229798617, 'loss': 'squared_hinge', 'tol_linear_svc': 8.67868963834373e-05}. Best is trial 108 with value: 0.8922651583859675.
2026-05-21 05:17:34,859 - INFO - Trial 195 finished with value: 0.8921767216261254 and parameters: {'n_components': 73, 'algorithm': 'randomized', 'n_iter': 13, 'power_iteration_normalizer': 'auto', 'tol': 1.2103633173394611e-05, 'C': 0.5100292239260565, 'loss': 'squared_hinge', 'tol_linear_svc': 8.665913334876629e-05}. Best is trial 108 with value: 0.8922651583859675.
2026-05-21 05:18:00,456 - INFO - Trial 198 finished with value: 0.8919555098444516 and parameters: {'n_components': 73, 'algorithm': 'randomized', 'n_iter': 4, 'power_iteration_normalizer': 'auto', 'tol': 2.501582578268211e-06, 'C': 55.62451468712498, 'loss': 'squared_hinge', 'tol_linear_svc': 0.00010914365478604065}. Best is trial 108 with value: 0.8922651583859675.
2026-05-21 05:18:26,583 - INFO - Trial 194 finished with value: 0.8919434087738562 and parameters: {'n_components': 73, 'algorithm': 'randomized', 'n_iter': 15, 'power_iteration_normalizer': 'auto', 'tol': 0.0010219658816344095, 'C': 40.53182177563563, 'loss': 'squared_hinge', 'tol_linear_svc': 9.280896324608683e-05}. Best is trial 108 with value: 0.8922651583859675.
2026-05-21 05:18:55,233 - INFO - Trial 199 finished with value: 0.8922033765801711 and parameters: {'n_components': 73, 'algorithm': 'randomized', 'n_iter': 15, 'power_iteration_normalizer': 'auto', 'tol': 0.0005577367121378805, 'C': 54.518278190532754, 'loss': 'squared_hinge', 'tol_linear_svc': 0.00011996439677165503}. Best is trial 108 with value: 0.8922651583859675.
2026-05-21 05:19:43,865 - INFO - Trial 169 finished with value: 0.8919461960348951 and parameters: {'n_components': 74, 'algorithm': 'randomized', 'n_iter': 6, 'power_iteration_normalizer': 'OR', 'tol': 0.008364248078489919, 'C': 7.755107154964537, 'loss': 'squared_hinge', 'tol_linear_svc': 0.0001146108828158131}. Best is trial 108 with value: 0.8922651583859675.
2026-05-21 05:22:10,591 - INFO - Trial 162 finished with value: 0.8920029526191312 and parameters: {'n_components': 70, 'algorithm': 'randomized', 'n_iter': 9, 'power_iteration_normalizer': 'OR', 'tol': 0.002397098625195652, 'C': 22.73019026723582, 'loss': 'squared_hinge', 'tol_linear_svc': 9.16076309899962e-05}. Best is trial 108 with value: 0.8922651583859675.
2026-05-21 05:22:10,594 - INFO - Best AUC: 0.8922651583859675 | Best params: {'n_components': 75, 'algorithm': 'randomized', 'n_iter': 13, 'power_iteration_normalizer': 'LU', 'tol': 0.00013141482794734764, 'C': 0.47270366930575447, 'loss': 'squared_hinge', 'tol_linear_svc': 1.8479517614754465e-05}
2026-05-21 05:22:10,595 - INFO - ----- Saving Pipeline -----
